2025-03-29 12:28:19,725 [INFO] WebApp:194 - Connection lost
2025-03-29 12:28:22,351 [INFO] WebApp:191 - Connection restablished
2025-03-29 12:56:17,821 [INFO] MainUpdater:2872 - connection check result : 10
2025-03-29 12:56:17,823 [INFO] MainUpdater:2872 - connection check result : 10
2025-03-29 12:56:17,938 [INFO] I2cTimingTraitement:330 - 0x00300617
2025-03-29 12:56:17,947 [INFO] MicroXplorer:468 - Change Database Path : 
2025-03-29 12:56:17,948 [INFO] MicroXplorer:498 - Change Database Version : DB.6.0.140
2025-03-29 12:56:18,040 [ERROR] ProjectManagerView:394 - 
java.lang.NullPointerException: Cannot invoke "javax.swing.JTextField.getText()" because the return value of "java.util.List.get(int)" is null
	at com.st.microxplorer.plugins.projectmanager.gui.ProjectChoiceTab$9.caretUpdate(ProjectChoiceTab.java:2678) ~[filemanager.jar:?]
	at javax.swing.text.JTextComponent.fireCaretUpdate(JTextComponent.java:408) ~[?:?]
	at javax.swing.text.JTextComponent$MutableCaretEvent.fire(JTextComponent.java:4484) ~[?:?]
	at javax.swing.text.JTextComponent$MutableCaretEvent.stateChanged(JTextComponent.java:4506) ~[?:?]
	at javax.swing.text.DefaultCaret.fireStateChanged(DefaultCaret.java:857) ~[?:?]
	at javax.swing.text.DefaultCaret.changeCaretPosition(DefaultCaret.java:1343) ~[?:?]
	at javax.swing.text.DefaultCaret.handleSetDot(DefaultCaret.java:1242) ~[?:?]
	at javax.swing.text.DefaultCaret.setDot(DefaultCaret.java:1223) ~[?:?]
	at javax.swing.text.DefaultCaret$Handler.insertUpdate(DefaultCaret.java:1819) ~[?:?]
	at javax.swing.text.AbstractDocument.fireInsertUpdate(AbstractDocument.java:227) ~[?:?]
	at javax.swing.text.AbstractDocument.handleInsertString(AbstractDocument.java:781) ~[?:?]
	at javax.swing.text.AbstractDocument.insertString(AbstractDocument.java:740) ~[?:?]
	at javax.swing.text.PlainDocument.insertString(PlainDocument.java:131) ~[?:?]
	at javax.swing.text.AbstractDocument.replace(AbstractDocument.java:699) ~[?:?]
	at javax.swing.text.JTextComponent.setText(JTextComponent.java:1725) ~[?:?]
	at com.st.microxplorer.plugins.projectmanager.gui.ProjectChoiceTab.createHeapStackFields(ProjectChoiceTab.java:979) ~[filemanager.jar:?]
	at com.st.microxplorer.plugins.projectmanager.gui.ProjectChoiceTab.buildLinkSettingsPanel(ProjectChoiceTab.java:3766) ~[filemanager.jar:?]
	at com.st.microxplorer.plugins.projectmanager.gui.ProjectChoiceTab.defineWindowsFields(ProjectChoiceTab.java:1962) ~[filemanager.jar:?]
	at com.st.microxplorer.plugins.projectmanager.gui.ProjectChoiceTab.updateSettings(ProjectChoiceTab.java:555) ~[filemanager.jar:?]
	at com.st.microxplorer.plugins.projectmanager.gui.ProjectSettingsPanel.UpdateDialog(ProjectSettingsPanel.java:245) ~[filemanager.jar:?]
	at com.st.microxplorer.plugins.projectmanager.ProjectManagerView.propertyChange(ProjectManagerView.java:391) ~[filemanager.jar:?]
	at java.beans.PropertyChangeSupport.fire(PropertyChangeSupport.java:343) ~[?:?]
	at java.beans.PropertyChangeSupport.firePropertyChange(PropertyChangeSupport.java:335) ~[?:?]
	at java.beans.PropertyChangeSupport.firePropertyChange(PropertyChangeSupport.java:268) ~[?:?]
	at com.st.microxplorer.util.MXPropertyChangeSupport.firePropertyChange(MXPropertyChangeSupport.java:54) ~[STM32CubeMX.jar:?]
	at com.st.microxplorer.mxsystem.MxSystem.closeConfig(MxSystem.java:899) ~[STM32CubeMX.jar:?]
	at com.st.microxplorer.maingui.MainPanel.closeConfig(MainPanel.java:789) ~[STM32CubeMX.jar:?]
	at com.st.microxplorer.plugins.filemanager.engine.OpenFileManager.loadConfigurationFile(OpenFileManager.java:287) ~[filemanager.jar:?]
	at com.st.microxplorer.plugins.filemanager.engine.MainFileManager.userLoadConfig(MainFileManager.java:341) ~[filemanager.jar:?]
	at com.st.microxplorer.plugins.filemanager.engine.MainFileManager.userLoadConfig(MainFileManager.java:319) ~[filemanager.jar:?]
	at com.st.microxplorer.plugins.filemanager.FileManagerView.getSpecificTask(FileManagerView.java:246) ~[filemanager.jar:?]
	at com.st.stm32cube.common.mx.editor.CubeMxEditor.getMxTabbedPaneInstance(CubeMxEditor.java:1198) ~[com.st.stm32cube.common.mx_6.14.0.202502271554/:?]
	at com.st.stm32cube.common.mx.editor.CubeMxEditor$12$1.createSwingComponent(CubeMxEditor.java:1068) ~[com.st.stm32cube.common.mx_6.14.0.202502271554/:?]
	at com.st.stm32cube.common.mx.oss.core.awtswtbridge.EmbeddedSwingComposite.doComponentCreation(EmbeddedSwingComposite.java:492) ~[com.st.stm32cube.common.mx.oss_6.14.0.202502271554/:?]
	at com.st.stm32cube.common.mx.oss.core.awtswtbridge.EmbeddedSwingComposite$4.run(EmbeddedSwingComposite.java:291) ~[com.st.stm32cube.common.mx.oss_6.14.0.202502271554/:?]
	at com.st.stm32cube.common.mx.oss.core.awtswtbridge.AwtEnvironment$2.run(AwtEnvironment.java:166) ~[com.st.stm32cube.common.mx.oss_6.14.0.202502271554/:?]
	at java.awt.event.InvocationEvent.dispatch(InvocationEvent.java:318) ~[?:?]
	at java.awt.EventQueue.dispatchEventImpl(EventQueue.java:773) ~[?:?]
	at java.awt.EventQueue$4.run(EventQueue.java:720) ~[?:?]
	at java.awt.EventQueue$4.run(EventQueue.java:714) ~[?:?]
	at java.security.AccessController.doPrivileged(AccessController.java:400) ~[?:?]
	at java.security.ProtectionDomain$JavaSecurityAccessImpl.doIntersectionPrivilege(ProtectionDomain.java:87) ~[?:?]
	at java.awt.EventQueue.dispatchEvent(EventQueue.java:742) ~[?:?]
	at java.awt.EventDispatchThread.pumpOneEventForFilters(EventDispatchThread.java:203) ~[?:?]
	at java.awt.EventDispatchThread.pumpEventsForFilter(EventDispatchThread.java:124) ~[?:?]
	at java.awt.EventDispatchThread.pumpEventsForHierarchy(EventDispatchThread.java:113) ~[?:?]
	at java.awt.EventDispatchThread.pumpEvents(EventDispatchThread.java:109) ~[?:?]
	at java.awt.EventDispatchThread.pumpEvents(EventDispatchThread.java:101) ~[?:?]
	at java.awt.EventDispatchThread.run(EventDispatchThread.java:90) ~[?:?]
2025-03-29 12:56:18,048 [WARN] ThirdParty:871 - waiting for thirdparty lock release [close project]
2025-03-29 12:56:18,048 [INFO] ThirdParty:873 - entering critical section [close project]
2025-03-29 12:56:18,049 [INFO] ThirdParty:883 - exiting critical section [close project]
2025-03-29 12:56:18,054 [INFO] PinOutPanel:1589 - setPackage(No Configuration,No Configuration)
2025-03-29 12:56:18,071 [INFO] UtilMem:75 - Begin LoadConfig() Used Memory: 388425024 Bytes (912261120)
2025-03-29 12:56:18,074 [INFO] MicroXplorer:468 - Change Database Path : 
2025-03-29 12:56:18,074 [INFO] MicroXplorer:498 - Change Database Version : DB.6.0.140
2025-03-29 12:56:18,074 [INFO] OpenFileManager:354 - Change cursor
2025-03-29 12:56:18,114 [INFO] Mcu:2011 - Initializing MCU STM32F401R(D-E)Tx STM32F401RETx STM32F401RET6
2025-03-29 12:56:19,361 [INFO] Context:756 - Trying to add GPIOservice into a context  which must be forbidden
2025-03-29 12:56:19,719 [INFO] ImportTextPane:218 - (OptionalMessage_ERROR) Pin18 (VP_RIF_VS_RIF1) cannot be retrieved for this MCU
2025-03-29 12:56:19,758 [INFO] RtosManager:558 - Registered RTOS mode: class=CMSIS, group=RTOS, mode=CMSIS_V1, owner=FREERTOS
2025-03-29 12:56:19,759 [INFO] RtosManager:558 - Registered RTOS mode: class=CMSIS, group=RTOS2, mode=CMSIS_V2, owner=FREERTOS
2025-03-29 12:56:19,759 [INFO] RtosManager:558 - Registered RTOS mode: class=RTOS, group=Core, mode=CMSIS_V1, owner=FREERTOS
2025-03-29 12:56:19,759 [INFO] RtosManager:558 - Registered RTOS mode: class=RTOS, group=Core, mode=CMSIS_V2, owner=FREERTOS
2025-03-29 12:56:19,759 [WARN] ModelIntegratedComponent:184 - Missing modes for component STMicroelectronics:FreeRTOS:0.0.1:STMicroelectronics:RTOS:FreeRTOS:Core:::10.2.0:
2025-03-29 12:56:19,790 [WARN] ModelIntegratedComponent:63 - No mode defined for component null
2025-03-29 12:56:19,790 [WARN] ModelIntegratedComponent:63 - No mode defined for component null
2025-03-29 12:56:19,790 [WARN] ModelIntegratedComponent:63 - No mode defined for component null
2025-03-29 12:56:19,790 [WARN] ModelIntegratedComponent:63 - No mode defined for component null
2025-03-29 12:56:19,790 [WARN] ModelIntegratedComponent:63 - No mode defined for component null
2025-03-29 12:56:19,790 [WARN] ModelIntegratedComponent:63 - No mode defined for component null
2025-03-29 12:56:19,791 [WARN] ModelIntegratedComponent:63 - No mode defined for component null
2025-03-29 12:56:19,791 [WARN] ModelIntegratedComponent:63 - No mode defined for component null
2025-03-29 12:56:19,791 [WARN] ModelIntegratedComponent:63 - No mode defined for component null
2025-03-29 12:56:19,791 [WARN] ModelIntegratedComponent:63 - No mode defined for component null
2025-03-29 12:56:19,791 [WARN] ModelIntegratedComponent:63 - No mode defined for component null
2025-03-29 12:56:19,791 [WARN] ModelIntegratedComponent:63 - No mode defined for component null
2025-03-29 12:56:19,791 [WARN] ModelIntegratedComponent:63 - No mode defined for component null
2025-03-29 12:56:19,791 [WARN] ModelIntegratedComponent:63 - No mode defined for component null
2025-03-29 12:56:19,791 [WARN] ModelIntegratedComponent:63 - No mode defined for component null
2025-03-29 12:56:19,791 [WARN] ModelIntegratedComponent:63 - No mode defined for component null
2025-03-29 12:56:19,791 [WARN] ModelIntegratedComponent:63 - No mode defined for component null
2025-03-29 12:56:19,791 [WARN] ModelIntegratedComponent:63 - No mode defined for component null
2025-03-29 12:56:19,791 [WARN] ModelIntegratedComponent:63 - No mode defined for component null
2025-03-29 12:56:19,791 [WARN] ModelIntegratedComponent:63 - No mode defined for component null
2025-03-29 12:56:19,792 [WARN] ModelIntegratedComponent:63 - No mode defined for component null
2025-03-29 12:56:19,792 [WARN] ModelIntegratedComponent:63 - No mode defined for component null
2025-03-29 12:56:19,792 [WARN] ModelIntegratedComponent:63 - No mode defined for component null
2025-03-29 12:56:19,792 [WARN] ModelIntegratedComponent:63 - No mode defined for component null
2025-03-29 12:56:19,792 [WARN] ModelIntegratedComponent:63 - No mode defined for component null
2025-03-29 12:56:19,792 [WARN] ModelIntegratedComponent:63 - No mode defined for component null
2025-03-29 12:56:19,792 [WARN] ModelIntegratedComponent:63 - No mode defined for component null
2025-03-29 12:56:19,792 [WARN] ModelIntegratedComponent:63 - No mode defined for component null
2025-03-29 12:56:19,792 [WARN] ModelIntegratedComponent:63 - No mode defined for component null
2025-03-29 12:56:19,792 [WARN] ModelIntegratedComponent:63 - No mode defined for component null
2025-03-29 12:56:19,792 [WARN] ModelIntegratedComponent:63 - No mode defined for component null
2025-03-29 12:56:19,792 [WARN] ModelIntegratedComponent:63 - No mode defined for component null
2025-03-29 12:56:19,792 [WARN] ModelIntegratedComponent:63 - No mode defined for component null
2025-03-29 12:56:19,792 [WARN] ModelIntegratedComponent:63 - No mode defined for component null
2025-03-29 12:56:19,792 [WARN] ModelIntegratedComponent:63 - No mode defined for component null
2025-03-29 12:56:19,792 [WARN] ModelPack:524 - Component already loaded: STMicroelectronics:HAL Drivers:0.0.0:STMicroelectronics:Device:STMicro_Driver:XSPI:HAL::0.0.1:HAL_XSPI
2025-03-29 12:56:20,191 [INFO] ThirdPartyModel:298 - Start build external matchings
2025-03-29 12:56:20,496 [INFO] ThirdPartyModel:316 - End build external matchings
2025-03-29 12:56:20,507 [INFO] ImportTextPane:218 - (OptionalMessage_ERROR) IP (RCC) : Parameter (RTCHSEDivFreq_Value) has invalid value (4000000)
2025-03-29 12:56:20,784 [INFO] UtilMem:75 - End LoadConfig() Used Memory: 761248568 Bytes (912261120)
2025-03-29 12:56:20,861 [WARN] ThirdParty:833 - waiting for thirdparty lock release [change project]
2025-03-29 12:56:20,861 [INFO] ThirdParty:835 - entering critical section [change project]
2025-03-29 12:56:20,861 [INFO] ThirdParty:1030 - CMSIS Pack Vendor :STMicroelectronics USBPD 4.1
2025-03-29 12:56:20,861 [INFO] ThirdParty:1030 - CMSIS Pack Vendor :STMicroelectronics X-CUBE-AZRTOS-H7 3.3.0
2025-03-29 12:56:20,861 [INFO] ThirdParty:1030 - CMSIS Pack Vendor :STMicroelectronics X-CUBE-NFC9 1.0.0
2025-03-29 12:56:20,861 [INFO] ThirdParty:1030 - CMSIS Pack Vendor :STMicroelectronics USB_HOST 2.0.0
2025-03-29 12:56:20,861 [INFO] ThirdParty:1030 - CMSIS Pack Vendor :STMicroelectronics FP-SNS-MOTENVWB1 1.4.0
2025-03-29 12:56:20,861 [INFO] ThirdParty:1030 - CMSIS Pack Vendor :STMicroelectronics X-CUBE-AZRTOS-F4 1.1.0
2025-03-29 12:56:20,861 [INFO] ThirdParty:1030 - CMSIS Pack Vendor :STMicroelectronics LIBJPEG 8.0.0
2025-03-29 12:56:20,861 [INFO] ThirdParty:1030 - CMSIS Pack Vendor :STMicroelectronics FP-ATR-ASTRA1 2.0.2
2025-03-29 12:56:20,861 [INFO] ThirdParty:1030 - CMSIS Pack Vendor :STMicroelectronics X-CUBE-BLE1 7.1.0
2025-03-29 12:56:20,862 [INFO] ThirdParty:1030 - CMSIS Pack Vendor :STMicroelectronics X-CUBE-SMBUS 2.1.0
2025-03-29 12:56:20,862 [INFO] ThirdParty:1030 - CMSIS Pack Vendor :STMicroelectronics X-CUBE-WB05N 1.1.0
2025-03-29 12:56:20,862 [INFO] ThirdParty:1030 - CMSIS Pack Vendor :wolfSSL I-CUBE-wolfMQTT 1.19.2
2025-03-29 12:56:20,862 [INFO] ThirdParty:1030 - CMSIS Pack Vendor :STMicroelectronics USB_DEVICE 3.0.0
2025-03-29 12:56:20,862 [INFO] ThirdParty:1030 - CMSIS Pack Vendor :STMicroelectronics X-CUBE-ISPU 2.1.0
2025-03-29 12:56:20,862 [INFO] ThirdParty:1030 - CMSIS Pack Vendor :STMicroelectronics X-CUBE-AZRTOS-WB 2.0.0
2025-03-29 12:56:20,862 [INFO] ThirdParty:1030 - CMSIS Pack Vendor :STMicroelectronics X-CUBE-GNSS1 7.0.1
2025-03-29 12:56:20,862 [INFO] ThirdParty:1030 - CMSIS Pack Vendor :STMicroelectronics X-CUBE-AZRTOS-F7 1.1.0
2025-03-29 12:56:20,862 [INFO] ThirdParty:1030 - CMSIS Pack Vendor :STMicroelectronics X-CUBE-AZRTOS-L5 2.0.0
2025-03-29 12:56:20,862 [INFO] ThirdParty:1030 - CMSIS Pack Vendor :STMicroelectronics X-CUBE-TOUCHGFX 4.25.0
2025-03-29 12:56:20,862 [INFO] ThirdParty:1030 - CMSIS Pack Vendor :STMicroelectronics USB_DEVICE 2.0.0
2025-03-29 12:56:20,862 [INFO] ThirdParty:1030 - CMSIS Pack Vendor :STMicroelectronics X-CUBE-NFC6 3.1.0
2025-03-29 12:56:20,862 [INFO] ThirdParty:1030 - CMSIS Pack Vendor :STMicroelectronics FP-SNS-STBOX1 2.0.0
2025-03-29 12:56:20,862 [INFO] ThirdParty:1030 - CMSIS Pack Vendor :STMicroelectronics FreeRTOS 0.0.1
2025-03-29 12:56:20,862 [INFO] ThirdParty:1030 - CMSIS Pack Vendor :STMicroelectronics X-CUBE-AZRTOS-G0 1.1.0
2025-03-29 12:56:20,862 [INFO] ThirdParty:1030 - CMSIS Pack Vendor :STMicroelectronics X-CUBE-SAFEA1 1.2.2
2025-03-29 12:56:20,862 [INFO] ThirdParty:1030 - CMSIS Pack Vendor :STMicroelectronics X-CUBE-NFC4 3.0.0
2025-03-29 12:56:20,862 [INFO] ThirdParty:1030 - CMSIS Pack Vendor :STMicroelectronics X-CUBE-DPower 1.2.0
2025-03-29 12:56:20,862 [INFO] ThirdParty:1030 - CMSIS Pack Vendor :STMicroelectronics X-CUBE-SUBG2 5.0.0
2025-03-29 12:56:20,862 [INFO] ThirdParty:1030 - CMSIS Pack Vendor :STMicroelectronics X-CUBE-AZRTOS-H7RS 1.1.0
2025-03-29 12:56:20,862 [INFO] ThirdParty:1030 - CMSIS Pack Vendor :STMicroelectronics STM32_WPAN 1.0.0
2025-03-29 12:56:20,862 [INFO] ThirdParty:1030 - CMSIS Pack Vendor :EmbeddedOffice I-CUBE-FS-RTOS 1.0.1
2025-03-29 12:56:20,862 [INFO] ThirdParty:1030 - CMSIS Pack Vendor :STMicroelectronics lwIP 2.0.3
2025-03-29 12:56:20,862 [INFO] ThirdParty:1030 - CMSIS Pack Vendor :Cesanta I-CUBE-Mongoose 7.13.0
2025-03-29 12:56:20,862 [INFO] ThirdParty:1030 - CMSIS Pack Vendor :STMicroelectronics USB_HOST 1.0.0
2025-03-29 12:56:20,862 [INFO] ThirdParty:1030 - CMSIS Pack Vendor :Infineon AIROC-Wi-Fi-Bluetooth-STM32 1.7.0
2025-03-29 12:56:20,862 [INFO] ThirdParty:1030 - CMSIS Pack Vendor :STMicroelectronics X-CUBE-AZRTOS-G4 2.0.0
2025-03-29 12:56:20,862 [INFO] ThirdParty:1030 - CMSIS Pack Vendor :STMicroelectronics PDM2PCM 3.1.0
2025-03-29 12:56:20,863 [INFO] ThirdParty:1030 - CMSIS Pack Vendor :STMicroelectronics PDM2PCM 3.3.0
2025-03-29 12:56:20,863 [INFO] ThirdParty:1030 - CMSIS Pack Vendor :wolfSSL I-CUBE-wolfTPM 3.8.0
2025-03-29 12:56:20,863 [INFO] ThirdParty:1030 - CMSIS Pack Vendor :STMicroelectronics X-CUBE-DISPLAY 3.0.0
2025-03-29 12:56:20,863 [INFO] ThirdParty:1030 - CMSIS Pack Vendor :wolfSSL I-CUBE-wolfSSH 1.4.20
2025-03-29 12:56:20,863 [INFO] ThirdParty:1030 - CMSIS Pack Vendor :STMicroelectronics X-CUBE-TCPP 4.2.0
2025-03-29 12:56:20,863 [INFO] ThirdParty:1030 - CMSIS Pack Vendor :RealThread X-CUBE-RT-Thread_Nano 4.1.1
2025-03-29 12:56:20,863 [INFO] ThirdParty:1030 - CMSIS Pack Vendor :STMicroelectronics FP-ATR-SIGFOX1 3.2.0
2025-03-29 12:56:20,863 [INFO] ThirdParty:1030 - CMSIS Pack Vendor :STMicroelectronics X-CUBE-NFC10 1.0.0
2025-03-29 12:56:20,863 [INFO] ThirdParty:1030 - CMSIS Pack Vendor :STMicroelectronics X-CUBE-BLEMGR 4.0.0
2025-03-29 12:56:20,863 [INFO] ThirdParty:1030 - CMSIS Pack Vendor :STMicroelectronics X-CUBE-EEPRMA1 5.1.0
2025-03-29 12:56:20,863 [INFO] ThirdParty:1030 - CMSIS Pack Vendor :STMicroelectronics HAL Drivers 0.0.0
2025-03-29 12:56:20,863 [INFO] ThirdParty:1030 - CMSIS Pack Vendor :STMicroelectronics MBEDTLS 2.16.2
2025-03-29 12:56:20,863 [INFO] ThirdParty:1030 - CMSIS Pack Vendor :STMicroelectronics X-CUBE-IPS 3.1.0
2025-03-29 12:56:20,863 [INFO] ThirdParty:1030 - CMSIS Pack Vendor :STMicroelectronics X-CUBE-ALS 1.0.2
2025-03-29 12:56:20,864 [INFO] ThirdParty:1030 - CMSIS Pack Vendor :emotas I-CUBE-CANOPEN 1.3.0
2025-03-29 12:56:20,864 [INFO] ThirdParty:1030 - CMSIS Pack Vendor :STMicroelectronics X-CUBE-FREERTOS 1.3.0
2025-03-29 12:56:20,864 [INFO] ThirdParty:1030 - CMSIS Pack Vendor :STMicroelectronics X-CUBE-NFC7 1.0.1
2025-03-29 12:56:20,864 [INFO] ThirdParty:1030 - CMSIS Pack Vendor :STMicroelectronics MBEDTLS 2.14.1
2025-03-29 12:56:20,864 [INFO] ThirdParty:1030 - CMSIS Pack Vendor :wolfSSL I-CUBE-wolfSSL 5.7.6
2025-03-29 12:56:20,864 [INFO] ThirdParty:1030 - CMSIS Pack Vendor :ITTIA_DB I-CUBE-ITTIADB 8.9.0
2025-03-29 12:56:20,864 [INFO] ThirdParty:1030 - CMSIS Pack Vendor :portGmbH I-Cube-SoM-uGOAL 1.1.0
2025-03-29 12:56:20,864 [INFO] ThirdParty:1030 - CMSIS Pack Vendor :quantropi X-CUBE-qispace-sdk-base 2.0.0
2025-03-29 12:56:20,864 [INFO] ThirdParty:1030 - CMSIS Pack Vendor :STMicroelectronics X-CUBE-AI 10.0.0
2025-03-29 12:56:20,865 [INFO] ThirdParty:1030 - CMSIS Pack Vendor :STMicroelectronics ThreadX 1.0.0
2025-03-29 12:56:20,865 [INFO] ThirdParty:1030 - CMSIS Pack Vendor :STMicroelectronics FP-SNS-SMARTAG2 1.2.0
2025-03-29 12:56:20,865 [INFO] ThirdParty:1030 - CMSIS Pack Vendor :STMicroelectronics FP-SNS-FLIGHT1 5.1.0
2025-03-29 12:56:20,865 [INFO] ThirdParty:1030 - CMSIS Pack Vendor :STMicroelectronics X-CUBE-MEMS1 11.1.0
2025-03-29 12:56:20,865 [INFO] ThirdParty:1030 - CMSIS Pack Vendor :STMicroelectronics X-CUBE-AZRTOS-WL 2.0.0
2025-03-29 12:56:20,865 [INFO] ThirdParty:1030 - CMSIS Pack Vendor :SEGGER I-CUBE-embOS 1.3.1
2025-03-29 12:56:20,865 [INFO] ThirdParty:1030 - CMSIS Pack Vendor :STMicroelectronics X-CUBE-ALGOBUILD 1.4.0
2025-03-29 12:56:20,865 [INFO] ThirdParty:1030 - CMSIS Pack Vendor :STMicroelectronics FP-SNS-MOTENV1 5.0.0
2025-03-29 12:56:20,865 [INFO] ThirdParty:1030 - CMSIS Pack Vendor :STMicroelectronics USB_DEVICE 1.0.0
2025-03-29 12:56:20,865 [INFO] ThirdParty:1030 - CMSIS Pack Vendor :STMicroelectronics X-CUBE-AZRTOS-L4 2.0.0
2025-03-29 12:56:20,865 [INFO] ThirdParty:1030 - CMSIS Pack Vendor :STMicroelectronics ThreadX 0.0.2
2025-03-29 12:56:20,865 [INFO] ThirdParty:1030 - CMSIS Pack Vendor :WES I-CUBE-Cesium 1.3.0
2025-03-29 12:56:20,865 [INFO] ThirdParty:1030 - CMSIS Pack Vendor :STMicroelectronics lwIP 2.1.2
2025-03-29 12:56:20,865 [INFO] ThirdParty:1030 - CMSIS Pack Vendor :STMicroelectronics X-CUBE-SFXS2LP1 4.0.0
2025-03-29 12:56:20,865 [INFO] ThirdParty:1030 - CMSIS Pack Vendor :STMicroelectronics X-CUBE-BLE2 3.3.0
2025-03-29 12:56:20,865 [INFO] ThirdParty:1030 - CMSIS Pack Vendor :STMicroelectronics X-CUBE-TOF1 3.4.2
2025-03-29 12:56:20,865 [INFO] ThirdParty:1030 - CMSIS Pack Vendor :STMicroelectronics PDM2PCM 3.2.0
2025-03-29 12:56:20,865 [INFO] ThirdParty:841 - exiting critical section [change project]
2025-03-29 12:56:21,034 [INFO] PinOutPanel:1589 - setPackage(No Configuration,No Configuration)
2025-03-29 12:56:21,038 [INFO] PinOutPanel:1589 - setPackage(STM32F401RETx,LQFP64)
2025-03-29 12:56:21,448 [INFO] UtilMem:75 - Before build in PCC Used Memory: 388571904 Bytes (912261120)
2025-03-29 12:56:21,779 [INFO] UtilMem:75 - After build in PCC Used Memory: 436284160 Bytes (912261120)
2025-03-29 12:56:21,800 [INFO] IPUIPlugin:80 - create IPUIPlugin
2025-03-29 12:56:21,800 [INFO] IPUIPlugin:80 - create IPUIPlugin
2025-03-29 12:56:21,800 [INFO] IPUIPlugin:80 - create IPUIPlugin
2025-03-29 12:56:21,800 [INFO] IPUIPlugin:80 - create IPUIPlugin
2025-03-29 12:56:21,801 [INFO] IPUIPlugin:80 - create IPUIPlugin
2025-03-29 12:56:21,802 [INFO] IPUIPlugin:80 - create IPUIPlugin
2025-03-29 12:56:21,802 [INFO] IPUIPlugin:80 - create IPUIPlugin
2025-03-29 12:56:21,802 [INFO] IPUIPlugin:80 - create IPUIPlugin
2025-03-29 12:56:21,802 [INFO] IPUIPlugin:80 - create IPUIPlugin
2025-03-29 12:56:21,802 [INFO] IPUIPlugin:80 - create IPUIPlugin
2025-03-29 12:56:21,802 [INFO] IPUIPlugin:80 - create IPUIPlugin
2025-03-29 12:56:21,802 [INFO] IPUIPlugin:80 - create IPUIPlugin
2025-03-29 12:56:21,802 [INFO] IPUIPlugin:80 - create IPUIPlugin
2025-03-29 12:56:21,802 [INFO] IPUIPlugin:80 - create IPUIPlugin
2025-03-29 12:56:21,803 [INFO] IPUIPlugin:80 - create IPUIPlugin
2025-03-29 12:56:21,803 [INFO] IPUIPlugin:80 - create IPUIPlugin
2025-03-29 12:56:21,803 [INFO] IPUIPlugin:80 - create IPUIPlugin
2025-03-29 12:56:21,804 [INFO] IPUIPlugin:80 - create IPUIPlugin
2025-03-29 12:56:21,804 [INFO] IPUIPlugin:80 - create IPUIPlugin
2025-03-29 12:56:21,804 [INFO] IPUIPlugin:80 - create IPUIPlugin
2025-03-29 12:56:21,804 [INFO] IPUIPlugin:80 - create IPUIPlugin
2025-03-29 12:56:21,804 [INFO] IPUIPlugin:80 - create IPUIPlugin
2025-03-29 12:56:21,804 [INFO] IPUIPlugin:80 - create IPUIPlugin
2025-03-29 12:56:21,804 [INFO] IPUIPlugin:80 - create IPUIPlugin
2025-03-29 12:56:21,805 [INFO] IPUIPlugin:80 - create IPUIPlugin
2025-03-29 12:56:21,805 [INFO] IPUIPlugin:80 - create IPUIPlugin
2025-03-29 12:56:21,805 [INFO] IPUIPlugin:80 - create IPUIPlugin
2025-03-29 12:56:21,805 [INFO] IPUIPlugin:80 - create IPUIPlugin
2025-03-29 12:56:21,805 [INFO] IPUIPlugin:80 - create IPUIPlugin
2025-03-29 12:56:21,805 [INFO] IPUIPlugin:80 - create IPUIPlugin
2025-03-29 12:56:21,805 [INFO] IPUIPlugin:80 - create IPUIPlugin
2025-03-29 12:56:21,805 [INFO] IPUIPlugin:80 - create IPUIPlugin
2025-03-29 12:56:21,805 [INFO] IPUIPlugin:80 - create IPUIPlugin
2025-03-29 12:56:21,806 [INFO] IPUIPlugin:80 - create IPUIPlugin
2025-03-29 12:56:21,806 [INFO] IPUIPlugin:80 - create IPUIPlugin
2025-03-29 12:56:21,806 [INFO] IPUIPlugin:80 - create IPUIPlugin
2025-03-29 12:56:21,806 [INFO] IPUIPlugin:80 - create IPUIPlugin
2025-03-29 12:56:21,806 [INFO] IPUIPlugin:80 - create IPUIPlugin
2025-03-29 12:56:21,819 [INFO] ApiDbMcu:508 - Load IP Config File for PDM2PCM
2025-03-29 12:56:21,823 [WARN] IP:2250 - I2C_Coeff_DF not found: check if there is a RefParameter without a condition.
2025-03-29 12:56:21,823 [WARN] IP:2250 - Analog_Filter not found: check if there is a RefParameter without a condition.
2025-03-29 12:56:21,885 [INFO] CADModel:165 - CPN selected for project levelSTM32F401RET6
2025-03-29 12:56:21,885 [INFO] CADModel:114 - Register for checkConnection events
2025-03-29 12:56:21,953 [INFO] OpenFileManager:385 - Restore cursor
2025-03-29 12:56:22,253 [WARN] IP:2250 - I2C_Coeff_DF not found: check if there is a RefParameter without a condition.
2025-03-29 12:56:22,253 [WARN] IP:2250 - Analog_Filter not found: check if there is a RefParameter without a condition.
2025-03-29 12:56:22,253 [WARN] IP:2250 - I2C_Coeff_DF not found: check if there is a RefParameter without a condition.
2025-03-29 12:56:22,253 [WARN] IP:2250 - Analog_Filter not found: check if there is a RefParameter without a condition.
2025-03-29 13:00:19,438 [INFO] MainUpdater:2872 - connection check result : 10
2025-03-29 13:00:19,438 [INFO] MainUpdater:2872 - connection check result : 10
2025-03-29 13:00:19,526 [INFO] MicroXplorer:468 - Change Database Path : 
2025-03-29 13:00:19,526 [INFO] MicroXplorer:498 - Change Database Version : DB.6.0.140
2025-03-29 13:00:19,535 [ERROR] ProjectManagerView:394 - 
java.lang.NullPointerException: Cannot invoke "javax.swing.JTextField.getText()" because the return value of "java.util.List.get(int)" is null
	at com.st.microxplorer.plugins.projectmanager.gui.ProjectChoiceTab$9.caretUpdate(ProjectChoiceTab.java:2678) ~[filemanager.jar:?]
	at javax.swing.text.JTextComponent.fireCaretUpdate(JTextComponent.java:408) ~[?:?]
	at javax.swing.text.JTextComponent$MutableCaretEvent.fire(JTextComponent.java:4484) ~[?:?]
	at javax.swing.text.JTextComponent$MutableCaretEvent.stateChanged(JTextComponent.java:4506) ~[?:?]
	at javax.swing.text.DefaultCaret.fireStateChanged(DefaultCaret.java:857) ~[?:?]
	at javax.swing.text.DefaultCaret.changeCaretPosition(DefaultCaret.java:1343) ~[?:?]
	at javax.swing.text.DefaultCaret.handleSetDot(DefaultCaret.java:1242) ~[?:?]
	at javax.swing.text.DefaultCaret.setDot(DefaultCaret.java:1223) ~[?:?]
	at javax.swing.text.DefaultCaret$Handler.insertUpdate(DefaultCaret.java:1819) ~[?:?]
	at javax.swing.text.AbstractDocument.fireInsertUpdate(AbstractDocument.java:227) ~[?:?]
	at javax.swing.text.AbstractDocument.handleInsertString(AbstractDocument.java:781) ~[?:?]
	at javax.swing.text.AbstractDocument.insertString(AbstractDocument.java:740) ~[?:?]
	at javax.swing.text.PlainDocument.insertString(PlainDocument.java:131) ~[?:?]
	at javax.swing.text.AbstractDocument.replace(AbstractDocument.java:699) ~[?:?]
	at javax.swing.text.JTextComponent.setText(JTextComponent.java:1725) ~[?:?]
	at com.st.microxplorer.plugins.projectmanager.gui.ProjectChoiceTab.createHeapStackFields(ProjectChoiceTab.java:979) ~[filemanager.jar:?]
	at com.st.microxplorer.plugins.projectmanager.gui.ProjectChoiceTab.buildLinkSettingsPanel(ProjectChoiceTab.java:3766) ~[filemanager.jar:?]
	at com.st.microxplorer.plugins.projectmanager.gui.ProjectChoiceTab.defineWindowsFields(ProjectChoiceTab.java:1962) ~[filemanager.jar:?]
	at com.st.microxplorer.plugins.projectmanager.gui.ProjectChoiceTab.updateSettings(ProjectChoiceTab.java:555) ~[filemanager.jar:?]
	at com.st.microxplorer.plugins.projectmanager.gui.ProjectSettingsPanel.UpdateDialog(ProjectSettingsPanel.java:245) ~[filemanager.jar:?]
	at com.st.microxplorer.plugins.projectmanager.ProjectManagerView.propertyChange(ProjectManagerView.java:391) ~[filemanager.jar:?]
	at java.beans.PropertyChangeSupport.fire(PropertyChangeSupport.java:343) ~[?:?]
	at java.beans.PropertyChangeSupport.firePropertyChange(PropertyChangeSupport.java:335) ~[?:?]
	at java.beans.PropertyChangeSupport.firePropertyChange(PropertyChangeSupport.java:268) ~[?:?]
	at com.st.microxplorer.util.MXPropertyChangeSupport.firePropertyChange(MXPropertyChangeSupport.java:54) ~[STM32CubeMX.jar:?]
	at com.st.microxplorer.mxsystem.MxSystem.closeConfig(MxSystem.java:899) ~[STM32CubeMX.jar:?]
	at com.st.microxplorer.maingui.MainPanel.closeConfig(MainPanel.java:789) ~[STM32CubeMX.jar:?]
	at com.st.microxplorer.plugins.filemanager.engine.OpenFileManager.loadConfigurationFile(OpenFileManager.java:287) ~[filemanager.jar:?]
	at com.st.microxplorer.plugins.filemanager.engine.MainFileManager.userLoadConfig(MainFileManager.java:341) ~[filemanager.jar:?]
	at com.st.microxplorer.plugins.filemanager.engine.MainFileManager.userLoadConfig(MainFileManager.java:319) ~[filemanager.jar:?]
	at com.st.microxplorer.plugins.filemanager.FileManagerView.getSpecificTask(FileManagerView.java:246) ~[filemanager.jar:?]
	at com.st.stm32cube.common.mx.editor.CubeMxEditor.getMxTabbedPaneInstance(CubeMxEditor.java:1198) ~[com.st.stm32cube.common.mx_6.14.0.202502271554/:?]
	at com.st.stm32cube.common.mx.editor.CubeMxEditor$12$1.createSwingComponent(CubeMxEditor.java:1068) ~[com.st.stm32cube.common.mx_6.14.0.202502271554/:?]
	at com.st.stm32cube.common.mx.oss.core.awtswtbridge.EmbeddedSwingComposite.doComponentCreation(EmbeddedSwingComposite.java:492) ~[com.st.stm32cube.common.mx.oss_6.14.0.202502271554/:?]
	at com.st.stm32cube.common.mx.oss.core.awtswtbridge.EmbeddedSwingComposite$4.run(EmbeddedSwingComposite.java:291) ~[com.st.stm32cube.common.mx.oss_6.14.0.202502271554/:?]
	at com.st.stm32cube.common.mx.oss.core.awtswtbridge.AwtEnvironment$2.run(AwtEnvironment.java:166) ~[com.st.stm32cube.common.mx.oss_6.14.0.202502271554/:?]
	at java.awt.event.InvocationEvent.dispatch(InvocationEvent.java:318) ~[?:?]
	at java.awt.EventQueue.dispatchEventImpl(EventQueue.java:773) ~[?:?]
	at java.awt.EventQueue$4.run(EventQueue.java:720) ~[?:?]
	at java.awt.EventQueue$4.run(EventQueue.java:714) ~[?:?]
	at java.security.AccessController.doPrivileged(AccessController.java:400) ~[?:?]
	at java.security.ProtectionDomain$JavaSecurityAccessImpl.doIntersectionPrivilege(ProtectionDomain.java:87) ~[?:?]
	at java.awt.EventQueue.dispatchEvent(EventQueue.java:742) ~[?:?]
	at java.awt.EventDispatchThread.pumpOneEventForFilters(EventDispatchThread.java:203) ~[?:?]
	at java.awt.EventDispatchThread.pumpEventsForFilter(EventDispatchThread.java:124) ~[?:?]
	at java.awt.EventDispatchThread.pumpEventsForHierarchy(EventDispatchThread.java:113) ~[?:?]
	at java.awt.EventDispatchThread.pumpEvents(EventDispatchThread.java:109) ~[?:?]
	at java.awt.EventDispatchThread.pumpEvents(EventDispatchThread.java:101) ~[?:?]
	at java.awt.EventDispatchThread.run(EventDispatchThread.java:90) ~[?:?]
2025-03-29 13:00:19,536 [WARN] ThirdParty:871 - waiting for thirdparty lock release [close project]
2025-03-29 13:00:19,536 [INFO] ThirdParty:873 - entering critical section [close project]
2025-03-29 13:00:19,536 [INFO] ThirdParty:883 - exiting critical section [close project]
2025-03-29 13:00:19,537 [INFO] PinOutPanel:1589 - setPackage(No Configuration,No Configuration)
2025-03-29 13:00:19,545 [WARN] IpParametersView:155 - Warning: This peripheral hasn't parameters
2025-03-29 13:00:19,549 [WARN] MainPanel:289 - <html><b><center>Warning: This peripheral has no parameters to be configured<br></b></html>
2025-03-29 13:00:19,551 [INFO] UtilMem:75 - Begin LoadConfig() Used Memory: 577818816 Bytes (912261120)
2025-03-29 13:00:19,552 [INFO] MicroXplorer:468 - Change Database Path : 
2025-03-29 13:00:19,552 [INFO] MicroXplorer:498 - Change Database Version : DB.6.0.140
2025-03-29 13:00:19,552 [INFO] OpenFileManager:354 - Change cursor
2025-03-29 13:00:19,562 [INFO] Mcu:2011 - Initializing MCU STM32F401R(D-E)Tx STM32F401RETx STM32F401RET6
2025-03-29 13:00:20,099 [INFO] Context:756 - Trying to add GPIOservice into a context  which must be forbidden
2025-03-29 13:00:20,217 [INFO] ImportTextPane:218 - (OptionalMessage_ERROR) Pin14 (VP_RIF_VS_RIF1) cannot be retrieved for this MCU
2025-03-29 13:00:20,230 [INFO] RtosManager:558 - Registered RTOS mode: class=CMSIS, group=RTOS, mode=CMSIS_V1, owner=FREERTOS
2025-03-29 13:00:20,230 [INFO] RtosManager:558 - Registered RTOS mode: class=CMSIS, group=RTOS2, mode=CMSIS_V2, owner=FREERTOS
2025-03-29 13:00:20,231 [INFO] RtosManager:558 - Registered RTOS mode: class=RTOS, group=Core, mode=CMSIS_V1, owner=FREERTOS
2025-03-29 13:00:20,231 [INFO] RtosManager:558 - Registered RTOS mode: class=RTOS, group=Core, mode=CMSIS_V2, owner=FREERTOS
2025-03-29 13:00:20,231 [WARN] ModelIntegratedComponent:184 - Missing modes for component STMicroelectronics:FreeRTOS:0.0.1:STMicroelectronics:RTOS:FreeRTOS:Core:::10.2.0:
2025-03-29 13:00:20,236 [WARN] ModelIntegratedComponent:63 - No mode defined for component null
2025-03-29 13:00:20,236 [WARN] ModelIntegratedComponent:63 - No mode defined for component null
2025-03-29 13:00:20,236 [WARN] ModelIntegratedComponent:63 - No mode defined for component null
2025-03-29 13:00:20,236 [WARN] ModelIntegratedComponent:63 - No mode defined for component null
2025-03-29 13:00:20,236 [WARN] ModelIntegratedComponent:63 - No mode defined for component null
2025-03-29 13:00:20,236 [WARN] ModelIntegratedComponent:63 - No mode defined for component null
2025-03-29 13:00:20,236 [WARN] ModelIntegratedComponent:63 - No mode defined for component null
2025-03-29 13:00:20,236 [WARN] ModelIntegratedComponent:63 - No mode defined for component null
2025-03-29 13:00:20,236 [WARN] ModelIntegratedComponent:63 - No mode defined for component null
2025-03-29 13:00:20,236 [WARN] ModelIntegratedComponent:63 - No mode defined for component null
2025-03-29 13:00:20,236 [WARN] ModelIntegratedComponent:63 - No mode defined for component null
2025-03-29 13:00:20,236 [WARN] ModelIntegratedComponent:63 - No mode defined for component null
2025-03-29 13:00:20,236 [WARN] ModelIntegratedComponent:63 - No mode defined for component null
2025-03-29 13:00:20,236 [WARN] ModelIntegratedComponent:63 - No mode defined for component null
2025-03-29 13:00:20,236 [WARN] ModelIntegratedComponent:63 - No mode defined for component null
2025-03-29 13:00:20,236 [WARN] ModelIntegratedComponent:63 - No mode defined for component null
2025-03-29 13:00:20,236 [WARN] ModelIntegratedComponent:63 - No mode defined for component null
2025-03-29 13:00:20,236 [WARN] ModelIntegratedComponent:63 - No mode defined for component null
2025-03-29 13:00:20,237 [WARN] ModelIntegratedComponent:63 - No mode defined for component null
2025-03-29 13:00:20,237 [WARN] ModelIntegratedComponent:63 - No mode defined for component null
2025-03-29 13:00:20,237 [WARN] ModelIntegratedComponent:63 - No mode defined for component null
2025-03-29 13:00:20,237 [WARN] ModelIntegratedComponent:63 - No mode defined for component null
2025-03-29 13:00:20,237 [WARN] ModelIntegratedComponent:63 - No mode defined for component null
2025-03-29 13:00:20,237 [WARN] ModelIntegratedComponent:63 - No mode defined for component null
2025-03-29 13:00:20,237 [WARN] ModelIntegratedComponent:63 - No mode defined for component null
2025-03-29 13:00:20,237 [WARN] ModelIntegratedComponent:63 - No mode defined for component null
2025-03-29 13:00:20,237 [WARN] ModelIntegratedComponent:63 - No mode defined for component null
2025-03-29 13:00:20,237 [WARN] ModelIntegratedComponent:63 - No mode defined for component null
2025-03-29 13:00:20,237 [WARN] ModelIntegratedComponent:63 - No mode defined for component null
2025-03-29 13:00:20,237 [WARN] ModelIntegratedComponent:63 - No mode defined for component null
2025-03-29 13:00:20,238 [WARN] ModelIntegratedComponent:63 - No mode defined for component null
2025-03-29 13:00:20,238 [WARN] ModelIntegratedComponent:63 - No mode defined for component null
2025-03-29 13:00:20,238 [WARN] ModelIntegratedComponent:63 - No mode defined for component null
2025-03-29 13:00:20,238 [WARN] ModelIntegratedComponent:63 - No mode defined for component null
2025-03-29 13:00:20,238 [WARN] ModelIntegratedComponent:63 - No mode defined for component null
2025-03-29 13:00:20,238 [WARN] ModelPack:524 - Component already loaded: STMicroelectronics:HAL Drivers:0.0.0:STMicroelectronics:Device:STMicro_Driver:XSPI:HAL::0.0.1:HAL_XSPI
2025-03-29 13:00:20,305 [INFO] ThirdPartyModel:298 - Start build external matchings
2025-03-29 13:00:20,543 [INFO] ThirdPartyModel:316 - End build external matchings
2025-03-29 13:00:20,549 [WARN] IP:2250 - I2C_Coeff_DF not found: check if there is a RefParameter without a condition.
2025-03-29 13:00:20,549 [WARN] IP:2250 - Analog_Filter not found: check if there is a RefParameter without a condition.
2025-03-29 13:00:20,549 [INFO] ImportTextPane:218 - (OptionalMessage_ERROR) IP (RCC) : Parameter (RTCHSEDivFreq_Value) has invalid value (4000000)
2025-03-29 13:00:20,715 [INFO] UtilMem:75 - End LoadConfig() Used Memory: 526717856 Bytes (912261120)
2025-03-29 13:00:20,796 [WARN] ThirdParty:833 - waiting for thirdparty lock release [change project]
2025-03-29 13:00:20,796 [INFO] ThirdParty:835 - entering critical section [change project]
2025-03-29 13:00:20,796 [INFO] ThirdParty:1030 - CMSIS Pack Vendor :STMicroelectronics USBPD 4.1
2025-03-29 13:00:20,796 [INFO] ThirdParty:1030 - CMSIS Pack Vendor :STMicroelectronics X-CUBE-AZRTOS-H7 3.3.0
2025-03-29 13:00:20,796 [INFO] ThirdParty:1030 - CMSIS Pack Vendor :STMicroelectronics X-CUBE-NFC9 1.0.0
2025-03-29 13:00:20,796 [INFO] ThirdParty:1030 - CMSIS Pack Vendor :STMicroelectronics USB_HOST 2.0.0
2025-03-29 13:00:20,796 [INFO] ThirdParty:1030 - CMSIS Pack Vendor :STMicroelectronics FP-SNS-MOTENVWB1 1.4.0
2025-03-29 13:00:20,796 [INFO] ThirdParty:1030 - CMSIS Pack Vendor :STMicroelectronics X-CUBE-AZRTOS-F4 1.1.0
2025-03-29 13:00:20,796 [INFO] ThirdParty:1030 - CMSIS Pack Vendor :STMicroelectronics LIBJPEG 8.0.0
2025-03-29 13:00:20,796 [INFO] ThirdParty:1030 - CMSIS Pack Vendor :STMicroelectronics FP-ATR-ASTRA1 2.0.2
2025-03-29 13:00:20,796 [INFO] ThirdParty:1030 - CMSIS Pack Vendor :STMicroelectronics X-CUBE-BLE1 7.1.0
2025-03-29 13:00:20,796 [INFO] ThirdParty:1030 - CMSIS Pack Vendor :STMicroelectronics X-CUBE-SMBUS 2.1.0
2025-03-29 13:00:20,797 [INFO] ThirdParty:1030 - CMSIS Pack Vendor :STMicroelectronics X-CUBE-WB05N 1.1.0
2025-03-29 13:00:20,797 [INFO] ThirdParty:1030 - CMSIS Pack Vendor :wolfSSL I-CUBE-wolfMQTT 1.19.2
2025-03-29 13:00:20,797 [INFO] ThirdParty:1030 - CMSIS Pack Vendor :STMicroelectronics USB_DEVICE 3.0.0
2025-03-29 13:00:20,797 [INFO] ThirdParty:1030 - CMSIS Pack Vendor :STMicroelectronics X-CUBE-ISPU 2.1.0
2025-03-29 13:00:20,797 [INFO] ThirdParty:1030 - CMSIS Pack Vendor :STMicroelectronics X-CUBE-AZRTOS-WB 2.0.0
2025-03-29 13:00:20,797 [INFO] ThirdParty:1030 - CMSIS Pack Vendor :STMicroelectronics X-CUBE-GNSS1 7.0.1
2025-03-29 13:00:20,797 [INFO] ThirdParty:1030 - CMSIS Pack Vendor :STMicroelectronics X-CUBE-AZRTOS-F7 1.1.0
2025-03-29 13:00:20,797 [INFO] ThirdParty:1030 - CMSIS Pack Vendor :STMicroelectronics X-CUBE-AZRTOS-L5 2.0.0
2025-03-29 13:00:20,797 [INFO] ThirdParty:1030 - CMSIS Pack Vendor :STMicroelectronics X-CUBE-TOUCHGFX 4.25.0
2025-03-29 13:00:20,797 [INFO] ThirdParty:1030 - CMSIS Pack Vendor :STMicroelectronics USB_DEVICE 2.0.0
2025-03-29 13:00:20,797 [INFO] ThirdParty:1030 - CMSIS Pack Vendor :STMicroelectronics X-CUBE-NFC6 3.1.0
2025-03-29 13:00:20,797 [INFO] ThirdParty:1030 - CMSIS Pack Vendor :STMicroelectronics FP-SNS-STBOX1 2.0.0
2025-03-29 13:00:20,797 [INFO] ThirdParty:1030 - CMSIS Pack Vendor :STMicroelectronics FreeRTOS 0.0.1
2025-03-29 13:00:20,797 [INFO] ThirdParty:1030 - CMSIS Pack Vendor :STMicroelectronics X-CUBE-AZRTOS-G0 1.1.0
2025-03-29 13:00:20,797 [INFO] ThirdParty:1030 - CMSIS Pack Vendor :STMicroelectronics X-CUBE-SAFEA1 1.2.2
2025-03-29 13:00:20,797 [INFO] ThirdParty:1030 - CMSIS Pack Vendor :STMicroelectronics X-CUBE-NFC4 3.0.0
2025-03-29 13:00:20,797 [INFO] ThirdParty:1030 - CMSIS Pack Vendor :STMicroelectronics X-CUBE-DPower 1.2.0
2025-03-29 13:00:20,797 [INFO] ThirdParty:1030 - CMSIS Pack Vendor :STMicroelectronics X-CUBE-SUBG2 5.0.0
2025-03-29 13:00:20,797 [INFO] ThirdParty:1030 - CMSIS Pack Vendor :STMicroelectronics X-CUBE-AZRTOS-H7RS 1.1.0
2025-03-29 13:00:20,797 [INFO] ThirdParty:1030 - CMSIS Pack Vendor :STMicroelectronics STM32_WPAN 1.0.0
2025-03-29 13:00:20,797 [INFO] ThirdParty:1030 - CMSIS Pack Vendor :EmbeddedOffice I-CUBE-FS-RTOS 1.0.1
2025-03-29 13:00:20,797 [INFO] ThirdParty:1030 - CMSIS Pack Vendor :STMicroelectronics lwIP 2.0.3
2025-03-29 13:00:20,797 [INFO] ThirdParty:1030 - CMSIS Pack Vendor :Cesanta I-CUBE-Mongoose 7.13.0
2025-03-29 13:00:20,797 [INFO] ThirdParty:1030 - CMSIS Pack Vendor :STMicroelectronics USB_HOST 1.0.0
2025-03-29 13:00:20,797 [INFO] ThirdParty:1030 - CMSIS Pack Vendor :Infineon AIROC-Wi-Fi-Bluetooth-STM32 1.7.0
2025-03-29 13:00:20,797 [INFO] ThirdParty:1030 - CMSIS Pack Vendor :STMicroelectronics X-CUBE-AZRTOS-G4 2.0.0
2025-03-29 13:00:20,797 [INFO] ThirdParty:1030 - CMSIS Pack Vendor :STMicroelectronics PDM2PCM 3.1.0
2025-03-29 13:00:20,797 [INFO] ThirdParty:1030 - CMSIS Pack Vendor :STMicroelectronics PDM2PCM 3.3.0
2025-03-29 13:00:20,797 [INFO] ThirdParty:1030 - CMSIS Pack Vendor :wolfSSL I-CUBE-wolfTPM 3.8.0
2025-03-29 13:00:20,797 [INFO] ThirdParty:1030 - CMSIS Pack Vendor :STMicroelectronics X-CUBE-DISPLAY 3.0.0
2025-03-29 13:00:20,797 [INFO] ThirdParty:1030 - CMSIS Pack Vendor :wolfSSL I-CUBE-wolfSSH 1.4.20
2025-03-29 13:00:20,797 [INFO] ThirdParty:1030 - CMSIS Pack Vendor :STMicroelectronics X-CUBE-TCPP 4.2.0
2025-03-29 13:00:20,797 [INFO] ThirdParty:1030 - CMSIS Pack Vendor :RealThread X-CUBE-RT-Thread_Nano 4.1.1
2025-03-29 13:00:20,797 [INFO] ThirdParty:1030 - CMSIS Pack Vendor :STMicroelectronics FP-ATR-SIGFOX1 3.2.0
2025-03-29 13:00:20,797 [INFO] ThirdParty:1030 - CMSIS Pack Vendor :STMicroelectronics X-CUBE-NFC10 1.0.0
2025-03-29 13:00:20,797 [INFO] ThirdParty:1030 - CMSIS Pack Vendor :STMicroelectronics X-CUBE-BLEMGR 4.0.0
2025-03-29 13:00:20,797 [INFO] ThirdParty:1030 - CMSIS Pack Vendor :STMicroelectronics X-CUBE-EEPRMA1 5.1.0
2025-03-29 13:00:20,797 [INFO] ThirdParty:1030 - CMSIS Pack Vendor :STMicroelectronics HAL Drivers 0.0.0
2025-03-29 13:00:20,797 [INFO] ThirdParty:1030 - CMSIS Pack Vendor :STMicroelectronics MBEDTLS 2.16.2
2025-03-29 13:00:20,797 [INFO] ThirdParty:1030 - CMSIS Pack Vendor :STMicroelectronics X-CUBE-IPS 3.1.0
2025-03-29 13:00:20,797 [INFO] ThirdParty:1030 - CMSIS Pack Vendor :STMicroelectronics X-CUBE-ALS 1.0.2
2025-03-29 13:00:20,797 [INFO] ThirdParty:1030 - CMSIS Pack Vendor :emotas I-CUBE-CANOPEN 1.3.0
2025-03-29 13:00:20,797 [INFO] ThirdParty:1030 - CMSIS Pack Vendor :STMicroelectronics X-CUBE-FREERTOS 1.3.0
2025-03-29 13:00:20,797 [INFO] ThirdParty:1030 - CMSIS Pack Vendor :STMicroelectronics X-CUBE-NFC7 1.0.1
2025-03-29 13:00:20,797 [INFO] ThirdParty:1030 - CMSIS Pack Vendor :STMicroelectronics MBEDTLS 2.14.1
2025-03-29 13:00:20,797 [INFO] ThirdParty:1030 - CMSIS Pack Vendor :wolfSSL I-CUBE-wolfSSL 5.7.6
2025-03-29 13:00:20,797 [INFO] ThirdParty:1030 - CMSIS Pack Vendor :ITTIA_DB I-CUBE-ITTIADB 8.9.0
2025-03-29 13:00:20,797 [INFO] ThirdParty:1030 - CMSIS Pack Vendor :portGmbH I-Cube-SoM-uGOAL 1.1.0
2025-03-29 13:00:20,797 [INFO] ThirdParty:1030 - CMSIS Pack Vendor :quantropi X-CUBE-qispace-sdk-base 2.0.0
2025-03-29 13:00:20,797 [INFO] ThirdParty:1030 - CMSIS Pack Vendor :STMicroelectronics X-CUBE-AI 10.0.0
2025-03-29 13:00:20,797 [INFO] ThirdParty:1030 - CMSIS Pack Vendor :STMicroelectronics ThreadX 1.0.0
2025-03-29 13:00:20,798 [INFO] ThirdParty:1030 - CMSIS Pack Vendor :STMicroelectronics FP-SNS-SMARTAG2 1.2.0
2025-03-29 13:00:20,798 [INFO] ThirdParty:1030 - CMSIS Pack Vendor :STMicroelectronics FP-SNS-FLIGHT1 5.1.0
2025-03-29 13:00:20,798 [INFO] ThirdParty:1030 - CMSIS Pack Vendor :STMicroelectronics X-CUBE-MEMS1 11.1.0
2025-03-29 13:00:20,798 [INFO] ThirdParty:1030 - CMSIS Pack Vendor :STMicroelectronics X-CUBE-AZRTOS-WL 2.0.0
2025-03-29 13:00:20,798 [INFO] ThirdParty:1030 - CMSIS Pack Vendor :SEGGER I-CUBE-embOS 1.3.1
2025-03-29 13:00:20,798 [INFO] ThirdParty:1030 - CMSIS Pack Vendor :STMicroelectronics X-CUBE-ALGOBUILD 1.4.0
2025-03-29 13:00:20,798 [INFO] ThirdParty:1030 - CMSIS Pack Vendor :STMicroelectronics FP-SNS-MOTENV1 5.0.0
2025-03-29 13:00:20,798 [INFO] ThirdParty:1030 - CMSIS Pack Vendor :STMicroelectronics USB_DEVICE 1.0.0
2025-03-29 13:00:20,798 [INFO] ThirdParty:1030 - CMSIS Pack Vendor :STMicroelectronics X-CUBE-AZRTOS-L4 2.0.0
2025-03-29 13:00:20,798 [INFO] ThirdParty:1030 - CMSIS Pack Vendor :STMicroelectronics ThreadX 0.0.2
2025-03-29 13:00:20,798 [INFO] ThirdParty:1030 - CMSIS Pack Vendor :WES I-CUBE-Cesium 1.3.0
2025-03-29 13:00:20,798 [INFO] ThirdParty:1030 - CMSIS Pack Vendor :STMicroelectronics lwIP 2.1.2
2025-03-29 13:00:20,798 [INFO] ThirdParty:1030 - CMSIS Pack Vendor :STMicroelectronics X-CUBE-SFXS2LP1 4.0.0
2025-03-29 13:00:20,798 [INFO] ThirdParty:1030 - CMSIS Pack Vendor :STMicroelectronics X-CUBE-BLE2 3.3.0
2025-03-29 13:00:20,798 [INFO] ThirdParty:1030 - CMSIS Pack Vendor :STMicroelectronics X-CUBE-TOF1 3.4.2
2025-03-29 13:00:20,798 [INFO] ThirdParty:1030 - CMSIS Pack Vendor :STMicroelectronics PDM2PCM 3.2.0
2025-03-29 13:00:20,798 [INFO] ThirdParty:841 - exiting critical section [change project]
2025-03-29 13:00:20,875 [INFO] PinOutPanel:1589 - setPackage(No Configuration,No Configuration)
2025-03-29 13:00:20,876 [INFO] PinOutPanel:1589 - setPackage(STM32F401RETx,LQFP64)
2025-03-29 13:00:20,974 [INFO] UtilMem:75 - Before build in PCC Used Memory: 665648864 Bytes (912261120)
2025-03-29 13:00:21,119 [INFO] UtilMem:75 - After build in PCC Used Memory: 710211296 Bytes (912261120)
2025-03-29 13:00:21,134 [INFO] IPUIPlugin:80 - create IPUIPlugin
2025-03-29 13:00:21,134 [INFO] IPUIPlugin:80 - create IPUIPlugin
2025-03-29 13:00:21,134 [INFO] IPUIPlugin:80 - create IPUIPlugin
2025-03-29 13:00:21,134 [INFO] IPUIPlugin:80 - create IPUIPlugin
2025-03-29 13:00:21,134 [INFO] IPUIPlugin:80 - create IPUIPlugin
2025-03-29 13:00:21,134 [INFO] IPUIPlugin:80 - create IPUIPlugin
2025-03-29 13:00:21,134 [INFO] IPUIPlugin:80 - create IPUIPlugin
2025-03-29 13:00:21,134 [INFO] IPUIPlugin:80 - create IPUIPlugin
2025-03-29 13:00:21,134 [INFO] IPUIPlugin:80 - create IPUIPlugin
2025-03-29 13:00:21,134 [INFO] IPUIPlugin:80 - create IPUIPlugin
2025-03-29 13:00:21,134 [INFO] IPUIPlugin:80 - create IPUIPlugin
2025-03-29 13:00:21,134 [INFO] IPUIPlugin:80 - create IPUIPlugin
2025-03-29 13:00:21,134 [INFO] IPUIPlugin:80 - create IPUIPlugin
2025-03-29 13:00:21,134 [INFO] IPUIPlugin:80 - create IPUIPlugin
2025-03-29 13:00:21,134 [INFO] IPUIPlugin:80 - create IPUIPlugin
2025-03-29 13:00:21,134 [INFO] IPUIPlugin:80 - create IPUIPlugin
2025-03-29 13:00:21,135 [INFO] IPUIPlugin:80 - create IPUIPlugin
2025-03-29 13:00:21,135 [INFO] IPUIPlugin:80 - create IPUIPlugin
2025-03-29 13:00:21,135 [INFO] IPUIPlugin:80 - create IPUIPlugin
2025-03-29 13:00:21,135 [INFO] IPUIPlugin:80 - create IPUIPlugin
2025-03-29 13:00:21,135 [INFO] IPUIPlugin:80 - create IPUIPlugin
2025-03-29 13:00:21,135 [INFO] IPUIPlugin:80 - create IPUIPlugin
2025-03-29 13:00:21,135 [INFO] IPUIPlugin:80 - create IPUIPlugin
2025-03-29 13:00:21,135 [INFO] IPUIPlugin:80 - create IPUIPlugin
2025-03-29 13:00:21,135 [INFO] IPUIPlugin:80 - create IPUIPlugin
2025-03-29 13:00:21,135 [INFO] IPUIPlugin:80 - create IPUIPlugin
2025-03-29 13:00:21,135 [INFO] IPUIPlugin:80 - create IPUIPlugin
2025-03-29 13:00:21,135 [INFO] IPUIPlugin:80 - create IPUIPlugin
2025-03-29 13:00:21,136 [INFO] IPUIPlugin:80 - create IPUIPlugin
2025-03-29 13:00:21,136 [INFO] IPUIPlugin:80 - create IPUIPlugin
2025-03-29 13:00:21,136 [INFO] IPUIPlugin:80 - create IPUIPlugin
2025-03-29 13:00:21,136 [INFO] IPUIPlugin:80 - create IPUIPlugin
2025-03-29 13:00:21,136 [INFO] IPUIPlugin:80 - create IPUIPlugin
2025-03-29 13:00:21,136 [INFO] IPUIPlugin:80 - create IPUIPlugin
2025-03-29 13:00:21,136 [INFO] IPUIPlugin:80 - create IPUIPlugin
2025-03-29 13:00:21,136 [INFO] IPUIPlugin:80 - create IPUIPlugin
2025-03-29 13:00:21,136 [INFO] IPUIPlugin:80 - create IPUIPlugin
2025-03-29 13:00:21,137 [INFO] IPUIPlugin:80 - create IPUIPlugin
2025-03-29 13:00:21,141 [INFO] ApiDbMcu:508 - Load IP Config File for PDM2PCM
2025-03-29 13:00:21,143 [WARN] IP:2250 - I2C_Coeff_DF not found: check if there is a RefParameter without a condition.
2025-03-29 13:00:21,143 [WARN] IP:2250 - Analog_Filter not found: check if there is a RefParameter without a condition.
2025-03-29 13:00:21,179 [INFO] CADModel:165 - CPN selected for project levelSTM32F401RET6
2025-03-29 13:00:21,180 [INFO] CADModel:114 - Register for checkConnection events
2025-03-29 13:00:21,248 [INFO] OpenFileManager:385 - Restore cursor
2025-03-29 13:00:21,371 [WARN] IP:2250 - I2C_Coeff_DF not found: check if there is a RefParameter without a condition.
2025-03-29 13:00:21,371 [WARN] IP:2250 - Analog_Filter not found: check if there is a RefParameter without a condition.
2025-03-29 13:00:21,371 [WARN] IP:2250 - I2C_Coeff_DF not found: check if there is a RefParameter without a condition.
2025-03-29 13:00:21,371 [WARN] IP:2250 - Analog_Filter not found: check if there is a RefParameter without a condition.
2025-03-29 15:11:36,350 [INFO] DmaTabbedPanel:205 - Cannot restore the selected Tab for DMA
2025-03-29 15:11:39,112 [INFO] Gpio:277 - dependency for GPIO [I2C1, RCC, SYS, USART2]
2025-03-29 15:11:45,643 [INFO] Gpio:277 - dependency for GPIO [I2C1, RCC, SYS, USART2]
2025-03-29 15:11:45,751 [WARN] IP:2250 - I2C_Coeff_DF not found: check if there is a RefParameter without a condition.
2025-03-29 15:11:45,751 [WARN] IP:2250 - Analog_Filter not found: check if there is a RefParameter without a condition.
2025-03-29 15:11:48,766 [WARN] IP:2250 - I2C_Coeff_DF not found: check if there is a RefParameter without a condition.
2025-03-29 15:11:48,766 [WARN] IP:2250 - Analog_Filter not found: check if there is a RefParameter without a condition.
2025-03-29 15:11:48,767 [WARN] IP:2250 - I2C_Coeff_DF not found: check if there is a RefParameter without a condition.
2025-03-29 15:11:48,767 [WARN] IP:2250 - Analog_Filter not found: check if there is a RefParameter without a condition.
2025-03-29 15:11:48,836 [WARN] IP:2250 - I2C_Coeff_DF not found: check if there is a RefParameter without a condition.
2025-03-29 15:11:48,837 [WARN] IP:2250 - Analog_Filter not found: check if there is a RefParameter without a condition.
2025-03-29 15:11:50,307 [WARN] IP:2250 - I2C_Coeff_DF not found: check if there is a RefParameter without a condition.
2025-03-29 15:11:50,307 [WARN] IP:2250 - Analog_Filter not found: check if there is a RefParameter without a condition.
2025-03-29 15:11:50,307 [WARN] IP:2250 - I2C_Coeff_DF not found: check if there is a RefParameter without a condition.
2025-03-29 15:11:50,307 [WARN] IP:2250 - Analog_Filter not found: check if there is a RefParameter without a condition.
2025-03-29 15:11:50,368 [WARN] IP:2250 - I2C_Coeff_DF not found: check if there is a RefParameter without a condition.
2025-03-29 15:11:50,369 [WARN] IP:2250 - Analog_Filter not found: check if there is a RefParameter without a condition.
2025-03-29 15:11:50,375 [WARN] IP:2250 - I2C_Coeff_DF not found: check if there is a RefParameter without a condition.
2025-03-29 15:11:50,375 [WARN] IP:2250 - Analog_Filter not found: check if there is a RefParameter without a condition.
2025-03-29 15:11:51,415 [INFO] UtilMem:75 - End SaveConfig() Used Memory: 459179856 Bytes (912261120)
2025-03-29 15:11:52,359 [INFO] UtilMem:75 - End SaveConfig() Used Memory: 476893768 Bytes (912261120)
2025-03-29 15:11:54,033 [INFO] UtilMem:75 - End SaveConfig() Used Memory: 513183568 Bytes (912261120)
2025-03-29 15:11:54,190 [INFO] BlockDiagram:2775 - set Specific Code input for plugin: NVIC
2025-03-29 15:11:54,191 [INFO] BlockDiagram:2775 - set Specific Code input for plugin: USART
2025-03-29 15:11:54,191 [INFO] BlockDiagram:2775 - set Specific Code input for plugin: SYS
2025-03-29 15:11:54,191 [INFO] BlockDiagram:2775 - set Specific Code input for plugin: GPIO
2025-03-29 15:11:54,191 [INFO] BlockDiagram:2775 - set Specific Code input for plugin: RCC
2025-03-29 15:11:54,191 [INFO] BlockDiagram:2775 - set Specific Code input for plugin: I2C
2025-03-29 15:11:54,192 [INFO] CodeGenerator:882 - code generatio: config db path: C:\ST\STM32CubeIDE_1.18.0\STM32CubeIDE\plugins\com.st.stm32cube.common.mx_6.14.0.202502271554\\db\
2025-03-29 15:11:54,194 [WARN] IP:2250 - I2C_Coeff_DF not found: check if there is a RefParameter without a condition.
2025-03-29 15:11:54,194 [WARN] IP:2250 - Analog_Filter not found: check if there is a RefParameter without a condition.
2025-03-29 15:11:54,308 [INFO] CodeEngine:263 - oldGeneratedFile, C:\Users\blew2\Documents\GitHub\STM32CubeIDE\workspace_1.18.0\I2C_Test\MXTmpFiles\license.tmp_save
2025-03-29 15:11:54,540 [INFO] CodeEngine:287 - Generated code: C:\Users\blew2\Documents\GitHub\STM32CubeIDE\workspace_1.18.0\I2C_Test\MXTmpFiles\license.tmp
2025-03-29 15:11:54,639 [INFO] CodeEngine:263 - oldGeneratedFile, C:\Users\blew2\Documents\GitHub\STM32CubeIDE\workspace_1.18.0\I2C_Test\MXTmpFiles\gpio.tmp_save
2025-03-29 15:11:54,757 [INFO] CodeEngine:287 - Generated code: C:\Users\blew2\Documents\GitHub\STM32CubeIDE\workspace_1.18.0\I2C_Test\MXTmpFiles\gpio.tmp
2025-03-29 15:11:54,927 [INFO] CodeEngine:263 - oldGeneratedFile, C:\Users\blew2\Documents\GitHub\STM32CubeIDE\workspace_1.18.0\I2C_Test\Core\Src\stm32f4xx_it.c_save
2025-03-29 15:11:55,140 [INFO] CodeEngine:287 - Generated code: C:\Users\blew2\Documents\GitHub\STM32CubeIDE\workspace_1.18.0\I2C_Test\Core\Src\stm32f4xx_it.c
2025-03-29 15:11:55,163 [INFO] CodeEngine:263 - oldGeneratedFile, C:\Users\blew2\Documents\GitHub\STM32CubeIDE\workspace_1.18.0\I2C_Test\Core\Inc\stm32f4xx_it.h_save
2025-03-29 15:11:55,254 [INFO] CodeEngine:287 - Generated code: C:\Users\blew2\Documents\GitHub\STM32CubeIDE\workspace_1.18.0\I2C_Test\Core\Inc\stm32f4xx_it.h
2025-03-29 15:11:55,326 [INFO] CodeEngine:263 - oldGeneratedFile, C:\Users\blew2\Documents\GitHub\STM32CubeIDE\workspace_1.18.0\I2C_Test\Core\Src\stm32f4xx_hal_msp.c_save
2025-03-29 15:11:55,448 [INFO] CodeEngine:287 - Generated code: C:\Users\blew2\Documents\GitHub\STM32CubeIDE\workspace_1.18.0\I2C_Test\Core\Src\stm32f4xx_hal_msp.c
2025-03-29 15:11:55,475 [INFO] CodeEngine:263 - oldGeneratedFile, C:\Users\blew2\Documents\GitHub\STM32CubeIDE\workspace_1.18.0\I2C_Test\MXTmpFiles\system.tmp_save
2025-03-29 15:11:55,546 [INFO] CodeEngine:287 - Generated code: C:\Users\blew2\Documents\GitHub\STM32CubeIDE\workspace_1.18.0\I2C_Test\MXTmpFiles\system.tmp
2025-03-29 15:11:55,622 [INFO] CodeEngine:319 - oldGeneratedFile, C:\Users\blew2\Documents\GitHub\STM32CubeIDE\workspace_1.18.0\I2C_Test\Core\Inc\stm32f4xx_hal_conf.h_save
2025-03-29 15:11:55,714 [INFO] CodeEngine:343 - Generated code: C:\Users\blew2\Documents\GitHub\STM32CubeIDE\workspace_1.18.0\I2C_Test\Core\Inc\stm32f4xx_hal_conf.h
2025-03-29 15:11:55,749 [INFO] ApiDbMcu:508 - Load IP Config File for I2C1
2025-03-29 15:11:55,753 [INFO] ApiDbMcu:508 - Load IP Config File for USART2
2025-03-29 15:11:55,757 [INFO] ApiDbMcu:508 - Load IP Config File for RCC
2025-03-29 15:11:55,819 [INFO] CodeEngine:263 - oldGeneratedFile, C:\Users\blew2\Documents\GitHub\STM32CubeIDE\workspace_1.18.0\I2C_Test\Core\Inc\main.h_save
2025-03-29 15:11:55,920 [INFO] CodeEngine:287 - Generated code: C:\Users\blew2\Documents\GitHub\STM32CubeIDE\workspace_1.18.0\I2C_Test\Core\Inc\main.h
2025-03-29 15:11:55,953 [INFO] CodeEngine:263 - oldGeneratedFile, C:\Users\blew2\Documents\GitHub\STM32CubeIDE\workspace_1.18.0\I2C_Test\Core\Src\main.c_save
2025-03-29 15:11:56,084 [INFO] CodeEngine:287 - Generated code: C:\Users\blew2\Documents\GitHub\STM32CubeIDE\workspace_1.18.0\I2C_Test\Core\Src\main.c
2025-03-29 15:11:57,368 [INFO] ProjectBuilder:3324 - Time for Copy HAL[1] : 1118mS.
2025-03-29 15:11:57,376 [INFO] ProjectBuilder:4912 - Project Generator version: 4.6.0-B36
2025-03-29 15:11:57,440 [INFO] ConfigFileManager:1590 - The Die is : DIE433
2025-03-29 15:11:57,444 [INFO] ApiDbMcu:508 - Load IP Config File for FATFS
2025-03-29 15:11:57,451 [INFO] ApiDbMcu:508 - Load IP Config File for FREERTOS
2025-03-29 15:11:57,456 [INFO] ApiDbMcu:508 - Load IP Config File for LIBJPEG
2025-03-29 15:11:57,460 [INFO] ApiDbMcu:508 - Load IP Config File for MBEDTLS
2025-03-29 15:11:57,465 [INFO] ApiDbMcu:508 - Load IP Config File for USB_DEVICE
2025-03-29 15:11:57,472 [INFO] ApiDbMcu:508 - Load IP Config File for USB_HOST
2025-03-29 15:11:58,485 [INFO] ProjectBuilder:5191 - Time for Generating toolchain IDE Files: 1109mS.
2025-03-29 15:11:58,486 [INFO] ProjectBuilder:3181 - Time for Copy CMSIS : 0mS.
2025-03-29 15:11:58,493 [INFO] ProjectBuilder:3181 - Time for Copy CMSIS : 0mS.
2025-03-29 15:12:17,855 [WARN] IP:2250 - I2C_Coeff_DF not found: check if there is a RefParameter without a condition.
2025-03-29 15:12:17,855 [WARN] IP:2250 - Analog_Filter not found: check if there is a RefParameter without a condition.
2025-03-29 15:12:17,855 [WARN] IP:2250 - I2C_Coeff_DF not found: check if there is a RefParameter without a condition.
2025-03-29 15:12:17,855 [WARN] IP:2250 - Analog_Filter not found: check if there is a RefParameter without a condition.
2025-03-29 15:12:17,898 [WARN] IP:2250 - I2C_Coeff_DF not found: check if there is a RefParameter without a condition.
2025-03-29 15:12:17,898 [WARN] IP:2250 - Analog_Filter not found: check if there is a RefParameter without a condition.
2025-03-29 15:12:19,820 [WARN] IP:2250 - I2C_Coeff_DF not found: check if there is a RefParameter without a condition.
2025-03-29 15:12:19,820 [WARN] IP:2250 - Analog_Filter not found: check if there is a RefParameter without a condition.
2025-03-29 15:12:19,820 [WARN] IP:2250 - I2C_Coeff_DF not found: check if there is a RefParameter without a condition.
2025-03-29 15:12:19,820 [WARN] IP:2250 - Analog_Filter not found: check if there is a RefParameter without a condition.
2025-03-29 15:12:19,862 [WARN] IP:2250 - I2C_Coeff_DF not found: check if there is a RefParameter without a condition.
2025-03-29 15:12:19,862 [WARN] IP:2250 - Analog_Filter not found: check if there is a RefParameter without a condition.
2025-03-29 15:12:19,867 [WARN] IP:2250 - I2C_Coeff_DF not found: check if there is a RefParameter without a condition.
2025-03-29 15:12:19,867 [WARN] IP:2250 - Analog_Filter not found: check if there is a RefParameter without a condition.
2025-03-29 15:12:20,904 [INFO] UtilMem:75 - End SaveConfig() Used Memory: 320446976 Bytes (912261120)
2025-03-29 15:12:21,885 [INFO] UtilMem:75 - End SaveConfig() Used Memory: 339847680 Bytes (912261120)
2025-03-29 15:12:22,119 [INFO] UtilMem:75 - End SaveConfig() Used Memory: 362390016 Bytes (912261120)
2025-03-29 15:12:22,227 [INFO] BlockDiagram:2775 - set Specific Code input for plugin: NVIC
2025-03-29 15:12:22,227 [INFO] BlockDiagram:2775 - set Specific Code input for plugin: USART
2025-03-29 15:12:22,227 [INFO] BlockDiagram:2775 - set Specific Code input for plugin: SYS
2025-03-29 15:12:22,227 [INFO] BlockDiagram:2775 - set Specific Code input for plugin: GPIO
2025-03-29 15:12:22,227 [INFO] BlockDiagram:2775 - set Specific Code input for plugin: RCC
2025-03-29 15:12:22,227 [INFO] BlockDiagram:2775 - set Specific Code input for plugin: I2C
2025-03-29 15:12:22,229 [INFO] CodeGenerator:882 - code generatio: config db path: C:\ST\STM32CubeIDE_1.18.0\STM32CubeIDE\plugins\com.st.stm32cube.common.mx_6.14.0.202502271554\\db\
2025-03-29 15:12:22,230 [WARN] IP:2250 - I2C_Coeff_DF not found: check if there is a RefParameter without a condition.
2025-03-29 15:12:22,230 [WARN] IP:2250 - Analog_Filter not found: check if there is a RefParameter without a condition.
2025-03-29 15:12:22,314 [INFO] CodeEngine:263 - oldGeneratedFile, C:\Users\blew2\Documents\GitHub\STM32CubeIDE\workspace_1.18.0\I2C_Test\MXTmpFiles\license.tmp_save
2025-03-29 15:12:22,377 [INFO] CodeEngine:287 - Generated code: C:\Users\blew2\Documents\GitHub\STM32CubeIDE\workspace_1.18.0\I2C_Test\MXTmpFiles\license.tmp
2025-03-29 15:12:22,447 [INFO] CodeEngine:263 - oldGeneratedFile, C:\Users\blew2\Documents\GitHub\STM32CubeIDE\workspace_1.18.0\I2C_Test\MXTmpFiles\gpio.tmp_save
2025-03-29 15:12:22,505 [INFO] CodeEngine:287 - Generated code: C:\Users\blew2\Documents\GitHub\STM32CubeIDE\workspace_1.18.0\I2C_Test\MXTmpFiles\gpio.tmp
2025-03-29 15:12:22,634 [INFO] CodeEngine:263 - oldGeneratedFile, C:\Users\blew2\Documents\GitHub\STM32CubeIDE\workspace_1.18.0\I2C_Test\Core\Src\stm32f4xx_it.c_save
2025-03-29 15:12:22,713 [INFO] CodeEngine:287 - Generated code: C:\Users\blew2\Documents\GitHub\STM32CubeIDE\workspace_1.18.0\I2C_Test\Core\Src\stm32f4xx_it.c
2025-03-29 15:12:22,734 [INFO] CodeEngine:263 - oldGeneratedFile, C:\Users\blew2\Documents\GitHub\STM32CubeIDE\workspace_1.18.0\I2C_Test\Core\Inc\stm32f4xx_it.h_save
2025-03-29 15:12:22,810 [INFO] CodeEngine:287 - Generated code: C:\Users\blew2\Documents\GitHub\STM32CubeIDE\workspace_1.18.0\I2C_Test\Core\Inc\stm32f4xx_it.h
2025-03-29 15:12:22,892 [INFO] CodeEngine:263 - oldGeneratedFile, C:\Users\blew2\Documents\GitHub\STM32CubeIDE\workspace_1.18.0\I2C_Test\Core\Src\stm32f4xx_hal_msp.c_save
2025-03-29 15:12:22,994 [INFO] CodeEngine:287 - Generated code: C:\Users\blew2\Documents\GitHub\STM32CubeIDE\workspace_1.18.0\I2C_Test\Core\Src\stm32f4xx_hal_msp.c
2025-03-29 15:12:23,018 [INFO] CodeEngine:263 - oldGeneratedFile, C:\Users\blew2\Documents\GitHub\STM32CubeIDE\workspace_1.18.0\I2C_Test\MXTmpFiles\system.tmp_save
2025-03-29 15:12:23,086 [INFO] CodeEngine:287 - Generated code: C:\Users\blew2\Documents\GitHub\STM32CubeIDE\workspace_1.18.0\I2C_Test\MXTmpFiles\system.tmp
2025-03-29 15:12:23,159 [INFO] CodeEngine:319 - oldGeneratedFile, C:\Users\blew2\Documents\GitHub\STM32CubeIDE\workspace_1.18.0\I2C_Test\Core\Inc\stm32f4xx_hal_conf.h_save
2025-03-29 15:12:23,250 [INFO] CodeEngine:343 - Generated code: C:\Users\blew2\Documents\GitHub\STM32CubeIDE\workspace_1.18.0\I2C_Test\Core\Inc\stm32f4xx_hal_conf.h
2025-03-29 15:12:23,333 [INFO] CodeEngine:263 - oldGeneratedFile, C:\Users\blew2\Documents\GitHub\STM32CubeIDE\workspace_1.18.0\I2C_Test\Core\Inc\main.h_save
2025-03-29 15:12:23,414 [INFO] CodeEngine:287 - Generated code: C:\Users\blew2\Documents\GitHub\STM32CubeIDE\workspace_1.18.0\I2C_Test\Core\Inc\main.h
2025-03-29 15:12:23,430 [INFO] CodeEngine:263 - oldGeneratedFile, C:\Users\blew2\Documents\GitHub\STM32CubeIDE\workspace_1.18.0\I2C_Test\Core\Src\main.c_save
2025-03-29 15:12:23,525 [INFO] CodeEngine:287 - Generated code: C:\Users\blew2\Documents\GitHub\STM32CubeIDE\workspace_1.18.0\I2C_Test\Core\Src\main.c
2025-03-29 15:12:23,930 [INFO] ProjectBuilder:3324 - Time for Copy HAL[1] : 304mS.
2025-03-29 15:12:23,938 [INFO] ProjectBuilder:4912 - Project Generator version: 4.6.0-B36
2025-03-29 15:12:23,985 [INFO] ConfigFileManager:1590 - The Die is : DIE433
2025-03-29 15:12:24,899 [INFO] ProjectBuilder:5191 - Time for Generating toolchain IDE Files: 961mS.
2025-03-29 15:12:24,901 [INFO] ProjectBuilder:3181 - Time for Copy CMSIS : 1mS.
2025-03-29 15:12:24,908 [INFO] ProjectBuilder:3181 - Time for Copy CMSIS : 0mS.
2025-03-29 17:20:51,610 [WARN] IP:2250 - I2C_Coeff_DF not found: check if there is a RefParameter without a condition.
2025-03-29 17:20:51,612 [WARN] IP:2250 - Analog_Filter not found: check if there is a RefParameter without a condition.
2025-03-29 17:20:51,614 [WARN] IP:2250 - I2C_Coeff_DF not found: check if there is a RefParameter without a condition.
2025-03-29 17:20:51,615 [WARN] IP:2250 - Analog_Filter not found: check if there is a RefParameter without a condition.
2025-03-29 17:20:51,773 [INFO] NvicIntPanel:101 - NVIC parent = com.st.microxplorer.plugins.ip.nvic.MultiNvicIntPanel[,0,0,0x0,invalid,layout=javax.swing.BoxLayout,alignmentX=0.0,alignmentY=0.0,border=,flags=9,maximumSize=,minimumSize=,preferredSize=]
2025-03-29 17:20:51,915 [WARN] IP:2250 - I2C_Coeff_DF not found: check if there is a RefParameter without a condition.
2025-03-29 17:20:51,915 [WARN] IP:2250 - Analog_Filter not found: check if there is a RefParameter without a condition.
2025-03-29 17:20:51,942 [WARN] IP:2250 - I2C_Coeff_DF not found: check if there is a RefParameter without a condition.
2025-03-29 17:20:51,942 [WARN] IP:2250 - Analog_Filter not found: check if there is a RefParameter without a condition.
2025-03-29 17:20:56,665 [INFO] UtilMem:75 - End SaveConfig() Used Memory: 389816480 Bytes (912261120)
2025-03-29 17:20:57,767 [INFO] UtilMem:75 - End SaveConfig() Used Memory: 408292104 Bytes (912261120)
2025-03-29 17:20:59,742 [INFO] UtilMem:75 - End SaveConfig() Used Memory: 472653984 Bytes (912261120)
2025-03-29 17:21:00,289 [INFO] BlockDiagram:2775 - set Specific Code input for plugin: NVIC
2025-03-29 17:21:00,290 [INFO] BlockDiagram:2775 - set Specific Code input for plugin: USART
2025-03-29 17:21:00,290 [INFO] BlockDiagram:2775 - set Specific Code input for plugin: SYS
2025-03-29 17:21:00,290 [INFO] BlockDiagram:2775 - set Specific Code input for plugin: GPIO
2025-03-29 17:21:00,290 [INFO] BlockDiagram:2775 - set Specific Code input for plugin: RCC
2025-03-29 17:21:00,290 [INFO] BlockDiagram:2775 - set Specific Code input for plugin: I2C
2025-03-29 17:21:00,292 [INFO] CodeGenerator:882 - code generatio: config db path: C:\ST\STM32CubeIDE_1.18.0\STM32CubeIDE\plugins\com.st.stm32cube.common.mx_6.14.0.202502271554\\db\
2025-03-29 17:21:00,294 [WARN] IP:2250 - I2C_Coeff_DF not found: check if there is a RefParameter without a condition.
2025-03-29 17:21:00,294 [WARN] IP:2250 - Analog_Filter not found: check if there is a RefParameter without a condition.
2025-03-29 17:21:00,566 [INFO] CodeEngine:263 - oldGeneratedFile, C:\Users\blew2\Documents\GitHub\STM32CubeIDE\workspace_1.18.0\I2C_Test\MXTmpFiles\license.tmp_save
2025-03-29 17:21:00,830 [INFO] CodeEngine:287 - Generated code: C:\Users\blew2\Documents\GitHub\STM32CubeIDE\workspace_1.18.0\I2C_Test\MXTmpFiles\license.tmp
2025-03-29 17:21:00,919 [INFO] CodeEngine:263 - oldGeneratedFile, C:\Users\blew2\Documents\GitHub\STM32CubeIDE\workspace_1.18.0\I2C_Test\MXTmpFiles\gpio.tmp_save
2025-03-29 17:21:01,044 [INFO] CodeEngine:287 - Generated code: C:\Users\blew2\Documents\GitHub\STM32CubeIDE\workspace_1.18.0\I2C_Test\MXTmpFiles\gpio.tmp
2025-03-29 17:21:01,213 [INFO] CodeEngine:263 - oldGeneratedFile, C:\Users\blew2\Documents\GitHub\STM32CubeIDE\workspace_1.18.0\I2C_Test\Core\Src\stm32f4xx_it.c_save
2025-03-29 17:21:01,415 [INFO] CodeEngine:287 - Generated code: C:\Users\blew2\Documents\GitHub\STM32CubeIDE\workspace_1.18.0\I2C_Test\Core\Src\stm32f4xx_it.c
2025-03-29 17:21:01,439 [INFO] CodeEngine:263 - oldGeneratedFile, C:\Users\blew2\Documents\GitHub\STM32CubeIDE\workspace_1.18.0\I2C_Test\Core\Inc\stm32f4xx_it.h_save
2025-03-29 17:21:01,543 [INFO] CodeEngine:287 - Generated code: C:\Users\blew2\Documents\GitHub\STM32CubeIDE\workspace_1.18.0\I2C_Test\Core\Inc\stm32f4xx_it.h
2025-03-29 17:21:01,621 [INFO] CodeEngine:263 - oldGeneratedFile, C:\Users\blew2\Documents\GitHub\STM32CubeIDE\workspace_1.18.0\I2C_Test\Core\Src\stm32f4xx_hal_msp.c_save
2025-03-29 17:21:01,798 [INFO] CodeEngine:287 - Generated code: C:\Users\blew2\Documents\GitHub\STM32CubeIDE\workspace_1.18.0\I2C_Test\Core\Src\stm32f4xx_hal_msp.c
2025-03-29 17:21:01,824 [INFO] CodeEngine:263 - oldGeneratedFile, C:\Users\blew2\Documents\GitHub\STM32CubeIDE\workspace_1.18.0\I2C_Test\MXTmpFiles\system.tmp_save
2025-03-29 17:21:01,903 [INFO] CodeEngine:287 - Generated code: C:\Users\blew2\Documents\GitHub\STM32CubeIDE\workspace_1.18.0\I2C_Test\MXTmpFiles\system.tmp
2025-03-29 17:21:01,976 [INFO] CodeEngine:319 - oldGeneratedFile, C:\Users\blew2\Documents\GitHub\STM32CubeIDE\workspace_1.18.0\I2C_Test\Core\Inc\stm32f4xx_hal_conf.h_save
2025-03-29 17:21:02,099 [INFO] CodeEngine:343 - Generated code: C:\Users\blew2\Documents\GitHub\STM32CubeIDE\workspace_1.18.0\I2C_Test\Core\Inc\stm32f4xx_hal_conf.h
2025-03-29 17:21:02,214 [INFO] CodeEngine:263 - oldGeneratedFile, C:\Users\blew2\Documents\GitHub\STM32CubeIDE\workspace_1.18.0\I2C_Test\Core\Inc\main.h_save
2025-03-29 17:21:02,382 [INFO] CodeEngine:287 - Generated code: C:\Users\blew2\Documents\GitHub\STM32CubeIDE\workspace_1.18.0\I2C_Test\Core\Inc\main.h
2025-03-29 17:21:02,409 [INFO] CodeEngine:263 - oldGeneratedFile, C:\Users\blew2\Documents\GitHub\STM32CubeIDE\workspace_1.18.0\I2C_Test\Core\Src\main.c_save
2025-03-29 17:21:02,639 [INFO] CodeEngine:287 - Generated code: C:\Users\blew2\Documents\GitHub\STM32CubeIDE\workspace_1.18.0\I2C_Test\Core\Src\main.c
2025-03-29 17:21:03,356 [INFO] ProjectBuilder:3324 - Time for Copy HAL[1] : 422mS.
2025-03-29 17:21:03,365 [INFO] ProjectBuilder:4912 - Project Generator version: 4.6.0-B36
2025-03-29 17:21:03,470 [INFO] ConfigFileManager:1590 - The Die is : DIE433
2025-03-29 17:21:05,007 [INFO] ProjectBuilder:5191 - Time for Generating toolchain IDE Files: 1642mS.
2025-03-29 17:21:05,008 [INFO] ProjectBuilder:3181 - Time for Copy CMSIS : 1mS.
2025-03-29 17:21:05,013 [INFO] ProjectBuilder:3181 - Time for Copy CMSIS : 0mS.
