2025-02-09 22:05:29,493 [INFO] Activator:176 - 


2025-02-09 22:05:29,495 [INFO] Activator:177 - !SESSION log4j initialized
2025-02-09 22:05:33,234 [INFO] LogOutputStream:77 - [STDOUT_REDIRECT] 
2025-02-09 22:05:36,142 [INFO] ApplicationProperties:184 - Using Application install path: C:\ST\STM32CubeIDE_1.17.0\STM32CubeIDE\plugins\com.st.stm32cube.common.mx_6.13.0.202411220809
2025-02-09 22:05:36,156 [INFO] DbMcusXml:78 - Set database path to: C:\ST\STM32CubeIDE_1.17.0\STM32CubeIDE\plugins\com.st.stm32cube.common.mx_6.13.0.202411220809\\db\/mcu/
2025-02-09 22:05:36,156 [INFO] ApiDb:274 - Set plugin database path to: C:\ST\STM32CubeIDE_1.17.0\STM32CubeIDE\plugins\com.st.stm32cube.common.mx_6.13.0.202411220809\\db\/plugins/boardmanager/
2025-02-09 22:05:36,157 [WARN] ApiDb:259 - Overriding images path with different value:  => C:\ST\STM32CubeIDE_1.17.0\STM32CubeIDE\plugins\com.st.stm32cube.common.mx_6.13.0.202411220809\\db\/plugins/mcufinder/images/
2025-02-09 22:05:37,897 [WARN] ApiFinderProperties:113 - C:\Users\blew2\.stmcufinder\plugins\mcufinder\mcu\mcuFinder.mfd doesn't exist
2025-02-09 22:05:37,898 [INFO] ApiDb:250 - Set database path to: C:\Users\blew2\.stmcufinder\plugins\mcufinder//mcu/
2025-02-09 22:05:37,900 [INFO] DbMcusAds:125 - Set database path to: C:\Users\blew2\.stmcufinder\plugins\mcufinder//mcu/
2025-02-09 22:05:37,904 [INFO] CrossReferenceDbSqlite:203 - Set database path to: C:\Users\blew2\.stmcufinder\plugins\mcufinder//mcu/cs/
2025-02-09 22:05:38,010 [INFO] RulesReader:64 - Compatibility file has been processed (297 Rules)
2025-02-09 22:05:38,088 [INFO] DbMcusXml:78 - Set database path to: C:\ST\STM32CubeIDE_1.17.0\STM32CubeIDE\plugins\com.st.stm32cube.common.mx_6.13.0.202411220809\\db\/mcu/
2025-02-09 22:05:38,089 [INFO] ApiDb:274 - Set plugin database path to: C:\ST\STM32CubeIDE_1.17.0\STM32CubeIDE\plugins\com.st.stm32cube.common.mx_6.13.0.202411220809\\db\/plugins/boardmanager/
2025-02-09 22:05:38,089 [INFO] ApiDb:261 - Set plugin images path to: C:\ST\STM32CubeIDE_1.17.0\STM32CubeIDE\plugins\com.st.stm32cube.common.mx_6.13.0.202411220809\\db\/plugins/mcufinder/images/
2025-02-09 22:05:38,089 [WARN] DbFile:41 - Overriding database path with different value: C:\Users\blew2\.stmcufinder\plugins\mcufinder/ => C:\Users\blew2\.stmcufinder\plugins\mcufinder
2025-02-09 22:05:38,089 [INFO] ApiDb:250 - Set database path to: C:\Users\blew2\.stmcufinder\plugins\mcufinder//mcu/
2025-02-09 22:05:38,089 [WARN] DbFile:41 - Overriding database path with different value: C:\Users\blew2\.stmcufinder\plugins\mcufinder/ => C:\Users\blew2\.stmcufinder\plugins\mcufinder
2025-02-09 22:05:38,089 [INFO] DbMcusAds:125 - Set database path to: C:\Users\blew2\.stmcufinder\plugins\mcufinder//mcu/
2025-02-09 22:05:38,089 [WARN] DbFile:41 - Overriding database path with different value: C:\Users\blew2\.stmcufinder\plugins\mcufinder/ => C:\Users\blew2\.stmcufinder\plugins\mcufinder
2025-02-09 22:05:38,089 [WARN] DbFile:41 - Overriding database path with different value: C:\Users\blew2\.stmcufinder\plugins\mcufinder/ => C:\Users\blew2\.stmcufinder\plugins\mcufinder
2025-02-09 22:05:38,089 [INFO] CrossReferenceDbSqlite:203 - Set database path to: C:\Users\blew2\.stmcufinder\plugins\mcufinder//mcu/cs/
2025-02-09 22:05:38,151 [INFO] MainPanel:272 - HeapMemory: 268435456
2025-02-09 22:05:38,247 [INFO] DbMcusXml:78 - Set database path to: C:\ST\STM32CubeIDE_1.17.0\STM32CubeIDE\plugins\com.st.stm32cube.common.mx_6.13.0.202411220809\\db\/mcu/
2025-02-09 22:05:38,247 [INFO] ApiDb:274 - Set plugin database path to: C:\ST\STM32CubeIDE_1.17.0\STM32CubeIDE\plugins\com.st.stm32cube.common.mx_6.13.0.202411220809\\db\/plugins/boardmanager/
2025-02-09 22:05:38,247 [INFO] ApiDb:261 - Set plugin images path to: C:\ST\STM32CubeIDE_1.17.0\STM32CubeIDE\plugins\com.st.stm32cube.common.mx_6.13.0.202411220809\\db\/plugins/mcufinder/images/
2025-02-09 22:05:38,247 [WARN] DbFile:41 - Overriding database path with different value: C:\Users\blew2\.stmcufinder\plugins\mcufinder/ => C:\Users\blew2\.stmcufinder\plugins\mcufinder
2025-02-09 22:05:38,247 [INFO] ApiDb:250 - Set database path to: C:\Users\blew2\.stmcufinder\plugins\mcufinder//mcu/
2025-02-09 22:05:38,247 [WARN] DbFile:41 - Overriding database path with different value: C:\Users\blew2\.stmcufinder\plugins\mcufinder/ => C:\Users\blew2\.stmcufinder\plugins\mcufinder
2025-02-09 22:05:38,247 [INFO] DbMcusAds:125 - Set database path to: C:\Users\blew2\.stmcufinder\plugins\mcufinder//mcu/
2025-02-09 22:05:38,247 [WARN] DbFile:41 - Overriding database path with different value: C:\Users\blew2\.stmcufinder\plugins\mcufinder/ => C:\Users\blew2\.stmcufinder\plugins\mcufinder
2025-02-09 22:05:38,247 [WARN] DbFile:41 - Overriding database path with different value: C:\Users\blew2\.stmcufinder\plugins\mcufinder/ => C:\Users\blew2\.stmcufinder\plugins\mcufinder
2025-02-09 22:05:38,248 [INFO] CrossReferenceDbSqlite:203 - Set database path to: C:\Users\blew2\.stmcufinder\plugins\mcufinder//mcu/cs/
2025-02-09 22:05:38,271 [INFO] ApplicationProperties:184 - Using Application install path: C:\ST\STM32CubeIDE_1.17.0\STM32CubeIDE\plugins\com.st.stm32cube.common.mx_6.13.0.202411220809
2025-02-09 22:05:38,272 [INFO] PluginManage:196 - Search for loadable plugins [exclusion list=, ]
2025-02-09 22:05:38,273 [INFO] PluginManage:310 - Check plugin analytics
2025-02-09 22:05:38,447 [INFO] AnalyticsPlugin:253 - Accepted Software Licenses: 
2025-02-09 22:05:38,448 [INFO] AnalyticsPlugin:255 - Accepted CMSIS Pack Licenses: 
2025-02-09 22:05:38,448 [INFO] AnalyticsPlugin:257 - Accepted Firmware Licenses: 
2025-02-09 22:05:38,450 [INFO] PluginManage:359 - Loaded plugin analytics (category:tool,tabindex:-1)
2025-02-09 22:05:38,451 [INFO] PluginManage:310 - Check plugin cadmodel
2025-02-09 22:05:38,457 [INFO] CADModel:105 - Init CAD model plugin
2025-02-09 22:05:38,457 [INFO] PluginManage:359 - Loaded plugin cadmodel (category:power,tabindex:5)
2025-02-09 22:05:38,457 [INFO] PluginManage:310 - Check plugin clock
2025-02-09 22:05:38,471 [INFO] PluginManage:359 - Loaded plugin clock (category:base,tabindex:2)
2025-02-09 22:05:38,471 [INFO] PluginManage:310 - Check plugin ddr
2025-02-09 22:05:38,474 [INFO] PluginManage:359 - Loaded plugin ddr (category:tool,tabindex:6)
2025-02-09 22:05:38,475 [INFO] PluginManage:310 - Check plugin filemanager
2025-02-09 22:05:38,663 [INFO] PluginManage:359 - Loaded plugin filemanager (category:base,tabindex:10)
2025-02-09 22:05:38,663 [INFO] PluginManage:310 - Check plugin ipmanager
2025-02-09 22:05:38,672 [INFO] PluginManage:359 - Loaded plugin ipmanager (category:base,tabindex:5)
2025-02-09 22:05:38,672 [INFO] PluginManage:310 - Check plugin lpbam
2025-02-09 22:05:38,681 [INFO] PluginManage:359 - Loaded plugin lpbam (category:base,tabindex:0)
2025-02-09 22:05:38,681 [INFO] PluginManage:310 - Check plugin memorymap
2025-02-09 22:05:38,692 [INFO] PluginManage:359 - Loaded plugin memorymap (category:base,tabindex:4)
2025-02-09 22:05:38,692 [INFO] PluginManage:310 - Check plugin pinoutandconfiguration
2025-02-09 22:05:38,700 [INFO] PluginManage:359 - Loaded plugin pinoutandconfiguration (category:base,tabindex:1)
2025-02-09 22:05:38,700 [INFO] PluginManage:310 - Check plugin pinoutconfig
2025-02-09 22:05:38,776 [WARN] SupportedApi:132 - Cannot load RTOS API schema: s4s-elt-must-match.1: The content of 'definitions' must match (annotation?, (simpleType | complexType)?, (unique | key | keyref)*)). A problem was found starting at: attribute.
2025-02-09 22:05:38,941 [INFO] PluginManage:359 - Loaded plugin pinoutconfig (category:base,tabindex:0)
2025-02-09 22:05:38,942 [INFO] PluginManage:310 - Check plugin power
2025-02-09 22:05:38,952 [INFO] PluginManage:359 - Loaded plugin power (category:power,tabindex:4)
2025-02-09 22:05:38,953 [INFO] PluginManage:310 - Check plugin projectmanager
2025-02-09 22:05:38,974 [INFO] PluginManage:359 - Loaded plugin projectmanager (category:projectmanager,tabindex:4)
2025-02-09 22:05:38,974 [INFO] PluginManage:310 - Check plugin rif
2025-02-09 22:05:39,014 [INFO] PluginManage:359 - Loaded plugin rif (category:base,tabindex:3)
2025-02-09 22:05:39,015 [INFO] PluginManage:310 - Check plugin thirdparty
2025-02-09 22:05:39,149 [INFO] PluginManage:359 - Loaded plugin thirdparty (category:base,tabindex:-1)
2025-02-09 22:05:39,149 [INFO] PluginManage:310 - Check plugin tools
2025-02-09 22:05:39,149 [WARN] IntegrityCheckThread:84 - waiting for thirdparty lock release [integrity check]
2025-02-09 22:05:39,149 [INFO] IntegrityCheckThread:86 - entering critical section [integrity check]
2025-02-09 22:05:39,150 [INFO] ThirdPartyUpdaterWithRetryManager:70 - Updater plugin not ready yet. [1/15]
2025-02-09 22:05:39,152 [INFO] PluginManage:359 - Loaded plugin tools (category:base,tabindex:7)
2025-02-09 22:05:39,152 [INFO] PluginManage:310 - Check plugin tutovideos
2025-02-09 22:05:39,295 [INFO] PluginManage:359 - Loaded plugin tutovideos (category:base,tabindex:-1)
2025-02-09 22:05:39,295 [INFO] PluginManage:310 - Check plugin updater
2025-02-09 22:05:39,312 [INFO] PluginManage:359 - Loaded plugin updater (category:base,tabindex:12)
2025-02-09 22:05:39,312 [INFO] PluginManage:310 - Check plugin userauth
2025-02-09 22:05:39,315 [INFO] UserAuth:118 - Init User Auth plugin
2025-02-09 22:05:39,316 [INFO] PluginManage:359 - Loaded plugin userauth (category:base,tabindex:14)
2025-02-09 22:05:39,316 [INFO] PluginManage:283 - PluginManage : Loaded plugins [18]
2025-02-09 22:05:39,484 [INFO] PinOutPanel:1589 - setPackage(No Configuration,No Configuration)
2025-02-09 22:05:39,567 [INFO] CADModel:165 - CPN selected for project level
2025-02-09 22:05:39,567 [INFO] CADModel:114 - Register for checkConnection events
2025-02-09 22:05:39,585 [INFO] IPUIPlugin:80 - create IPUIPlugin
2025-02-09 22:05:39,585 [INFO] PluginManager:220 - loadIPPluginJar : add adc
2025-02-09 22:05:39,589 [INFO] IPUIPlugin:80 - create IPUIPlugin
2025-02-09 22:05:39,589 [INFO] PluginManager:220 - loadIPPluginJar : add aes
2025-02-09 22:05:39,592 [INFO] IPUIPlugin:80 - create IPUIPlugin
2025-02-09 22:05:39,592 [INFO] PluginManager:220 - loadIPPluginJar : add can
2025-02-09 22:05:39,594 [INFO] IPUIPlugin:80 - create IPUIPlugin
2025-02-09 22:05:39,594 [INFO] PluginManager:220 - loadIPPluginJar : add comp
2025-02-09 22:05:39,598 [INFO] IPUIPlugin:80 - create IPUIPlugin
2025-02-09 22:05:39,598 [INFO] PluginManager:220 - loadIPPluginJar : add cryp
2025-02-09 22:05:39,601 [INFO] IPUIPlugin:80 - create IPUIPlugin
2025-02-09 22:05:39,601 [INFO] PluginManager:220 - loadIPPluginJar : add ddr_ctrl_phy
2025-02-09 22:05:39,604 [INFO] IPUIPlugin:80 - create IPUIPlugin
2025-02-09 22:05:39,604 [INFO] PluginManager:220 - loadIPPluginJar : add dfsdm
2025-02-09 22:05:39,611 [INFO] IPUIPlugin:80 - create IPUIPlugin
2025-02-09 22:05:39,612 [INFO] PluginManager:220 - loadIPPluginJar : add dma
2025-02-09 22:05:39,615 [INFO] IPUIPlugin:80 - create IPUIPlugin
2025-02-09 22:05:39,615 [INFO] PluginManager:220 - loadIPPluginJar : add dma3
2025-02-09 22:05:39,618 [INFO] IPUIPlugin:80 - create IPUIPlugin
2025-02-09 22:05:39,618 [INFO] PluginManager:220 - loadIPPluginJar : add extmemmanager
2025-02-09 22:05:39,620 [INFO] IPUIPlugin:80 - create IPUIPlugin
2025-02-09 22:05:39,620 [INFO] PluginManager:220 - loadIPPluginJar : add fatfs
2025-02-09 22:05:39,628 [INFO] IPUIPlugin:80 - create IPUIPlugin
2025-02-09 22:05:39,629 [INFO] PluginManager:220 - loadIPPluginJar : add fmc
2025-02-09 22:05:39,636 [INFO] IPUIPlugin:80 - create IPUIPlugin
2025-02-09 22:05:39,636 [INFO] PluginManager:220 - loadIPPluginJar : add freertos
2025-02-09 22:05:39,639 [INFO] IPUIPlugin:80 - create IPUIPlugin
2025-02-09 22:05:39,639 [INFO] PluginManager:220 - loadIPPluginJar : add genericplugin
2025-02-09 22:05:39,642 [INFO] IPUIPlugin:80 - create IPUIPlugin
2025-02-09 22:05:39,642 [INFO] PluginManager:220 - loadIPPluginJar : add gfxmmu
2025-02-09 22:05:39,648 [INFO] IPUIPlugin:80 - create IPUIPlugin
2025-02-09 22:05:39,648 [INFO] PluginManager:220 - loadIPPluginJar : add gic
2025-02-09 22:05:39,654 [INFO] IPUIPlugin:80 - create IPUIPlugin
2025-02-09 22:05:39,655 [INFO] PluginManager:220 - loadIPPluginJar : add gpio
2025-02-09 22:05:39,659 [INFO] IPUIPlugin:80 - create IPUIPlugin
2025-02-09 22:05:39,659 [INFO] PluginManager:220 - loadIPPluginJar : add gtzc
2025-02-09 22:05:39,665 [INFO] IPUIPlugin:80 - create IPUIPlugin
2025-02-09 22:05:39,665 [INFO] PluginManager:220 - loadIPPluginJar : add hash
2025-02-09 22:05:39,670 [INFO] IPUIPlugin:80 - create IPUIPlugin
2025-02-09 22:05:39,670 [INFO] PluginManager:220 - loadIPPluginJar : add i2c
2025-02-09 22:05:39,674 [INFO] IPUIPlugin:80 - create IPUIPlugin
2025-02-09 22:05:39,674 [INFO] PluginManager:220 - loadIPPluginJar : add i2s
2025-02-09 22:05:39,677 [INFO] IPUIPlugin:80 - create IPUIPlugin
2025-02-09 22:05:39,677 [INFO] PluginManager:220 - loadIPPluginJar : add i3c
2025-02-09 22:05:39,681 [INFO] IPUIPlugin:80 - create IPUIPlugin
2025-02-09 22:05:39,681 [INFO] PluginManager:220 - loadIPPluginJar : add ipddr
2025-02-09 22:05:39,687 [INFO] IPUIPlugin:80 - create IPUIPlugin
2025-02-09 22:05:39,688 [INFO] PluginManager:220 - loadIPPluginJar : add linkedlist
2025-02-09 22:05:39,691 [INFO] IPUIPlugin:80 - create IPUIPlugin
2025-02-09 22:05:39,691 [INFO] PluginManager:220 - loadIPPluginJar : add lorawan
2025-02-09 22:05:39,694 [INFO] IPUIPlugin:80 - create IPUIPlugin
2025-02-09 22:05:39,694 [INFO] PluginManager:220 - loadIPPluginJar : add ltdc
2025-02-09 22:05:39,701 [INFO] IPUIPlugin:80 - create IPUIPlugin
2025-02-09 22:05:39,701 [INFO] PluginManager:220 - loadIPPluginJar : add mdma
2025-02-09 22:05:39,704 [INFO] IPUIPlugin:80 - create IPUIPlugin
2025-02-09 22:05:39,705 [INFO] PluginManager:220 - loadIPPluginJar : add nvic
2025-02-09 22:05:39,709 [INFO] IPUIPlugin:80 - create IPUIPlugin
2025-02-09 22:05:39,710 [INFO] PluginManager:220 - loadIPPluginJar : add opamp
2025-02-09 22:05:39,714 [INFO] IPUIPlugin:80 - create IPUIPlugin
2025-02-09 22:05:39,714 [INFO] PluginManager:220 - loadIPPluginJar : add openamp
2025-02-09 22:05:39,718 [INFO] IPUIPlugin:80 - create IPUIPlugin
2025-02-09 22:05:39,718 [INFO] PluginManager:220 - loadIPPluginJar : add pdm2pcm
2025-02-09 22:05:39,724 [INFO] IPUIPlugin:80 - create IPUIPlugin
2025-02-09 22:05:39,725 [INFO] PluginManager:220 - loadIPPluginJar : add plateformsettings
2025-02-09 22:05:39,728 [INFO] IPUIPlugin:80 - create IPUIPlugin
2025-02-09 22:05:39,728 [INFO] PluginManager:220 - loadIPPluginJar : add quadspi
2025-02-09 22:05:39,730 [INFO] IPUIPlugin:80 - create IPUIPlugin
2025-02-09 22:05:39,731 [INFO] PluginManager:220 - loadIPPluginJar : add radio
2025-02-09 22:05:39,736 [INFO] IPUIPlugin:80 - create IPUIPlugin
2025-02-09 22:05:39,736 [INFO] PluginManager:220 - loadIPPluginJar : add resmgrutility
2025-02-09 22:05:39,739 [INFO] IPUIPlugin:80 - create IPUIPlugin
2025-02-09 22:05:39,739 [INFO] PluginManager:220 - loadIPPluginJar : add sai
2025-02-09 22:05:39,743 [INFO] IPUIPlugin:80 - create IPUIPlugin
2025-02-09 22:05:39,743 [INFO] PluginManager:220 - loadIPPluginJar : add spi
2025-02-09 22:05:39,748 [INFO] IPUIPlugin:80 - create IPUIPlugin
2025-02-09 22:05:39,748 [INFO] PluginManager:220 - loadIPPluginJar : add stm32_wpan
2025-02-09 22:05:39,751 [INFO] IPUIPlugin:80 - create IPUIPlugin
2025-02-09 22:05:39,751 [INFO] PluginManager:220 - loadIPPluginJar : add tim
2025-02-09 22:05:39,755 [INFO] IPUIPlugin:80 - create IPUIPlugin
2025-02-09 22:05:39,755 [INFO] PluginManager:220 - loadIPPluginJar : add touchsensing
2025-02-09 22:05:39,758 [INFO] IPUIPlugin:80 - create IPUIPlugin
2025-02-09 22:05:39,758 [INFO] PluginManager:220 - loadIPPluginJar : add tracer_emb
2025-02-09 22:05:39,764 [INFO] IPUIPlugin:80 - create IPUIPlugin
2025-02-09 22:05:39,764 [INFO] PluginManager:220 - loadIPPluginJar : add ts
2025-02-09 22:05:39,767 [INFO] IPUIPlugin:80 - create IPUIPlugin
2025-02-09 22:05:39,767 [INFO] PluginManager:220 - loadIPPluginJar : add tsc
2025-02-09 22:05:39,773 [INFO] IPUIPlugin:80 - create IPUIPlugin
2025-02-09 22:05:39,773 [INFO] PluginManager:220 - loadIPPluginJar : add ucpd
2025-02-09 22:05:39,777 [INFO] IPUIPlugin:80 - create IPUIPlugin
2025-02-09 22:05:39,777 [INFO] PluginManager:220 - loadIPPluginJar : add usart
2025-02-09 22:05:39,780 [INFO] IPUIPlugin:80 - create IPUIPlugin
2025-02-09 22:05:39,780 [INFO] PluginManager:220 - loadIPPluginJar : add usbx
2025-02-09 22:05:39,916 [FATAL] Updater:351 - Updater called before beeing initialized
2025-02-09 22:05:39,941 [INFO] RulesReader:64 - Compatibility file has been processed (297 Rules)
2025-02-09 22:05:39,951 [INFO] RulesReader:64 - Compatibility file has been processed (297 Rules)
2025-02-09 22:05:39,957 [INFO] CADModel:165 - CPN selected for project level
2025-02-09 22:05:39,957 [INFO] CADModel:114 - Register for checkConnection events
2025-02-09 22:05:39,957 [FATAL] Updater:351 - Updater called before beeing initialized
2025-02-09 22:05:39,957 [ERROR] CADModel:125 - Updater not yet initialized, retry later 
2025-02-09 22:05:40,103 [FATAL] Updater:351 - Updater called before beeing initialized
2025-02-09 22:05:40,104 [INFO] CADModel:165 - CPN selected for project level
2025-02-09 22:05:40,104 [INFO] CADModel:114 - Register for checkConnection events
2025-02-09 22:05:40,104 [FATAL] Updater:351 - Updater called before beeing initialized
2025-02-09 22:05:40,104 [ERROR] CADModel:125 - Updater not yet initialized, retry later 
2025-02-09 22:05:40,106 [FATAL] Updater:351 - Updater called before beeing initialized
2025-02-09 22:05:40,197 [FATAL] Updater:351 - Updater called before beeing initialized
2025-02-09 22:05:40,202 [INFO] DbMcusAds:53 - JSON generation date=Wed Sep 29 23:55:09 PDT 2021 (1632984909247)
2025-02-09 22:05:40,202 [FATAL] Updater:351 - Updater called before beeing initialized
2025-02-09 22:05:40,321 [WARN] DetailPanel:346 - Failed to get advertising image, set to default
2025-02-09 22:05:40,532 [FATAL] Updater:351 - Updater called before beeing initialized
2025-02-09 22:05:40,534 [FATAL] Updater:351 - Updater called before beeing initialized
2025-02-09 22:05:40,534 [FATAL] Updater:351 - Updater called before beeing initialized
2025-02-09 22:05:40,534 [WARN] DetailPanel:346 - Failed to get advertising image, set to default
2025-02-09 22:05:40,535 [FATAL] Updater:351 - Updater called before beeing initialized
2025-02-09 22:05:40,578 [ERROR] Updater:1198 - MainUpdater not yet initialized. External WinMGr cannot be set.
2025-02-09 22:05:40,582 [INFO] Updater:1134 - Updater Version found : 6.13.0
2025-02-09 22:05:40,605 [INFO] ApplicationProperties:184 - Using Application install path: C:\ST\STM32CubeIDE_1.17.0\STM32CubeIDE\plugins\com.st.stm32cube.common.mx_6.13.0.202411220809
2025-02-09 22:05:42,151 [INFO] ThirdPartyUpdaterWithRetryManager:70 - Updater plugin not ready yet. [2/15]
2025-02-09 22:05:42,179 [ERROR] LogOutputStream:75 - [STDERR_REDIRECT] Feb 09, 2025 10:05:42 PM java.util.prefs.WindowsPreferences <init>
2025-02-09 22:05:42,181 [ERROR] LogOutputStream:75 - [STDERR_REDIRECT] WARNING: Could not open/create prefs root node Software\JavaSoft\Prefs at root 0xffffffff80000002. Windows RegCreateKeyEx(...) returned error code 5.
2025-02-09 22:05:42,181 [ERROR] LogOutputStream:75 - [STDERR_REDIRECT] 
2025-02-09 22:05:42,202 [INFO] MainUpdater:525 - Copy updater definitions from MX database
2025-02-09 22:05:42,230 [INFO] MainUpdater:558 - Copy flag file definitions from MX database
2025-02-09 22:05:42,232 [INFO] MainUpdater:574 - Copy thirdparty index definitions from MX database
2025-02-09 22:05:42,234 [INFO] MainUpdater:593 - Copy default thirdparty db definitions from MX database
2025-02-09 22:05:42,575 [INFO] MainUpdater:2872 - connection check result : 10
2025-02-09 22:05:42,575 [INFO] MainUpdater:3566 - Updater definition file requires update
2025-02-09 22:05:42,576 [INFO] MainUpdater:289 - Updater Check For Update Now.
2025-02-09 22:05:42,577 [INFO] MicroXplorer:498 - Change Database Version : DB.6.0.130
2025-02-09 22:05:42,581 [INFO] McuFinderGlobals:63 - Set McuFinder mode to 2 (CubeIDE integrated)
2025-02-09 22:05:42,581 [INFO] UserAuth:171 - activating auth plugin
2025-02-09 22:05:42,585 [INFO] UserAuth:486 - Internet connection configuration mode: 1
2025-02-09 22:05:42,603 [INFO] JxBrowserEngine:152 - Initiate JxBrowser Engine with user profile folder
2025-02-09 22:05:42,775 [INFO] ServerAccessManage:473 - Download File updaters.zip
2025-02-09 22:05:42,909 [INFO] FileExtend:240 - Unzip File : updaters.zip
2025-02-09 22:05:42,909 [INFO] FileExtend:255 - Standard Zip Deflate
2025-02-09 22:05:43,513 [INFO] ServerAccessManage:473 - Download File PacksControlFlags.xml
2025-02-09 22:05:43,605 [INFO] ServerAccessManage:473 - Download File cubemx.pidx
2025-02-09 22:05:43,792 [INFO] ServerAccessManage:473 - Download File STMicroelectronics.FP-ATR-ASTRA1.pdsc
2025-02-09 22:05:44,099 [INFO] ServerAccessManage:473 - Download File STMicroelectronics.FP-ATR-SIGFOX1.pdsc
2025-02-09 22:05:44,235 [INFO] ServerAccessManage:473 - Download File STMicroelectronics.FP-SNS-STBOX1.pdsc
2025-02-09 22:05:44,385 [INFO] ServerAccessManage:473 - Download File STMicroelectronics.FP-SNS-FLIGHT1.pdsc
2025-02-09 22:05:44,736 [INFO] ServerAccessManage:473 - Download File STMicroelectronics.FP-SNS-MOTENV1.pdsc
2025-02-09 22:05:45,117 [INFO] ServerAccessManage:473 - Download File STMicroelectronics.FP-SNS-MOTENVWB1.pdsc
2025-02-09 22:05:45,152 [WARN] MainUpdater:1193 - Updater busy. Cannot search thirdparties
2025-02-09 22:05:45,152 [INFO] ThirdPartyUpdaterWithRetryManager:96 - Updater plugin is busy. [1/15]
2025-02-09 22:05:45,406 [INFO] ServerAccessManage:473 - Download File STMicroelectronics.FP-SNS-SMARTAG2.pdsc
2025-02-09 22:05:45,532 [INFO] ServerAccessManage:473 - Download File STMicroelectronics.X-CUBE-AI.pdsc
2025-02-09 22:05:46,932 [INFO] ServerAccessManage:473 - Download File STMicroelectronics.X-CUBE-ALS.pdsc
2025-02-09 22:05:47,286 [INFO] ServerAccessManage:473 - Download File STMicroelectronics.X-CUBE-BLE1.pdsc
2025-02-09 22:05:48,154 [WARN] MainUpdater:1193 - Updater busy. Cannot search thirdparties
2025-02-09 22:05:48,154 [INFO] ThirdPartyUpdaterWithRetryManager:96 - Updater plugin is busy. [2/15]
2025-02-09 22:05:49,649 [ERROR] ServerAccessManage:1089 - Problem, file not found on Server
2025-02-09 22:05:49,703 [INFO] ServerAccessManage:473 - Download File STMicroelectronics.X-CUBE-BLE2.pdsc
2025-02-09 22:05:50,555 [INFO] ServerAccessManage:473 - Download File STMicroelectronics.X-CUBE-BLEMGR.pdsc
2025-02-09 22:05:51,155 [WARN] MainUpdater:1193 - Updater busy. Cannot search thirdparties
2025-02-09 22:05:51,155 [INFO] ThirdPartyUpdaterWithRetryManager:96 - Updater plugin is busy. [3/15]
2025-02-09 22:05:51,434 [ERROR] ServerAccessManage:1089 - Problem, file not found on Server
2025-02-09 22:05:51,676 [INFO] WebApp:168 - Instantiating new browser for Auth
2025-02-09 22:05:52,010 [INFO] ServerAccessManage:473 - Download File STMicroelectronics.X-CUBE-DISPLAY.pdsc
2025-02-09 22:05:52,633 [INFO] WebApp:449 - Apply proxy settings
2025-02-09 22:05:52,633 [INFO] WebApp:534 - Chromium requires no authentication
2025-02-09 22:05:52,648 [INFO] ServerAccessManage:473 - Download File STMicroelectronics.X-CUBE-DPOWER.pdsc
2025-02-09 22:05:52,668 [INFO] WebApp:477 - Direct internet connection detected
2025-02-09 22:05:52,737 [INFO] WebApp:880 - Register for checkConnection events
2025-02-09 22:05:52,737 [INFO] WebApp:449 - Apply proxy settings
2025-02-09 22:05:52,737 [INFO] WebApp:534 - Chromium requires no authentication
2025-02-09 22:05:52,738 [INFO] WebApp:477 - Direct internet connection detected
2025-02-09 22:05:52,941 [INFO] WebApp:187 - Connection restablished
2025-02-09 22:05:53,032 [ERROR] ServerAccessManage:1089 - Problem, file not found on Server
2025-02-09 22:05:53,093 [INFO] WebApp:221 - Starting web application
2025-02-09 22:05:53,093 [INFO] WebApp:579 - Web application path used C:\ST\STM32CubeIDE_1.17.0\STM32CubeIDE\plugins\com.st.stm32cube.common.mx_6.13.0.202411220809\db\plugins\mcufinder\reactClient1\index.html
2025-02-09 22:05:53,593 [ERROR] ServerAccessManage:1089 - Problem, file not found on Server
2025-02-09 22:05:54,088 [ERROR] ServerAccessManage:1089 - Problem, file not found on Server
2025-02-09 22:05:54,157 [WARN] MainUpdater:1193 - Updater busy. Cannot search thirdparties
2025-02-09 22:05:54,157 [INFO] ThirdPartyUpdaterWithRetryManager:96 - Updater plugin is busy. [4/15]
2025-02-09 22:05:54,611 [ERROR] ServerAccessManage:1089 - Problem, file not found on Server
2025-02-09 22:05:54,814 [ERROR] ServerAccessManage:1089 - Problem, file not found on Server
2025-02-09 22:05:55,304 [ERROR] ServerAccessManage:1089 - Problem, file not found on Server
2025-02-09 22:05:55,523 [ERROR] ServerAccessManage:1089 - Problem, file not found on Server
2025-02-09 22:05:56,023 [ERROR] ServerAccessManage:1089 - Problem, file not found on Server
2025-02-09 22:05:56,249 [ERROR] ServerAccessManage:1089 - Problem, file not found on Server
2025-02-09 22:05:56,821 [ERROR] ServerAccessManage:1089 - Problem, file not found on Server
2025-02-09 22:05:57,158 [WARN] MainUpdater:1193 - Updater busy. Cannot search thirdparties
2025-02-09 22:05:57,158 [INFO] ThirdPartyUpdaterWithRetryManager:96 - Updater plugin is busy. [5/15]
2025-02-09 22:05:57,324 [ERROR] ServerAccessManage:1089 - Problem, file not found on Server
2025-02-09 22:05:57,389 [INFO] ServerAccessManage:473 - Download File STMicroelectronics.X-CUBE-EEPRMA1.pdsc
2025-02-09 22:05:57,991 [ERROR] ServerAccessManage:1089 - Problem, file not found on Server
2025-02-09 22:05:58,353 [ERROR] ServerAccessManage:1089 - Problem, file not found on Server
2025-02-09 22:05:58,623 [INFO] ServerAccessManage:473 - Download File STMicroelectronics.X-CUBE-FREERTOS.pdsc
2025-02-09 22:05:58,906 [INFO] ServerAccessManage:473 - Download File STMicroelectronics.X-CUBE-GNSS1.pdsc
2025-02-09 22:05:59,689 [ERROR] ServerAccessManage:1089 - Problem, file not found on Server
2025-02-09 22:05:59,763 [ERROR] ServerAccessManage:1089 - Problem, file not found on Server
2025-02-09 22:05:59,832 [ERROR] ServerAccessManage:1089 - Problem, file not found on Server
2025-02-09 22:06:00,158 [WARN] MainUpdater:1193 - Updater busy. Cannot search thirdparties
2025-02-09 22:06:00,158 [INFO] ThirdPartyUpdaterWithRetryManager:96 - Updater plugin is busy. [6/15]
2025-02-09 22:06:00,319 [ERROR] ServerAccessManage:1089 - Problem, file not found on Server
2025-02-09 22:06:00,365 [ERROR] ServerAccessManage:1089 - Problem, file not found on Server
2025-02-09 22:06:00,415 [ERROR] ServerAccessManage:1089 - Problem, file not found on Server
2025-02-09 22:06:00,483 [INFO] ServerAccessManage:473 - Download File STMicroelectronics.X-CUBE-ISPU.pdsc
2025-02-09 22:06:00,854 [INFO] ServerAccessManage:473 - Download File STMicroelectronics.X-CUBE-IPS.pdsc
2025-02-09 22:06:01,042 [INFO] ServerAccessManage:473 - Download File STMicroelectronics.X-CUBE-MEMS1.pdsc
2025-02-09 22:06:02,874 [INFO] ServerAccessManage:473 - Download File STMicroelectronics.X-CUBE-NFC4.pdsc
2025-02-09 22:06:03,159 [WARN] MainUpdater:1193 - Updater busy. Cannot search thirdparties
2025-02-09 22:06:03,159 [INFO] ThirdPartyUpdaterWithRetryManager:96 - Updater plugin is busy. [7/15]
2025-02-09 22:06:03,928 [INFO] ServerAccessManage:473 - Download File STMicroelectronics.X-CUBE-NFC6.pdsc
2025-02-09 22:06:04,275 [INFO] ServerAccessManage:473 - Download File STMicroelectronics.X-CUBE-NFC7.pdsc
2025-02-09 22:06:04,495 [INFO] ServerAccessManage:473 - Download File STMicroelectronics.X-CUBE-NFC9.pdsc
2025-02-09 22:06:04,725 [INFO] ServerAccessManage:473 - Download File STMicroelectronics.X-CUBE-NFC10.pdsc
2025-02-09 22:06:04,887 [INFO] ServerAccessManage:473 - Download File STMicroelectronics.X-CUBE-SFXS2LP1.pdsc
2025-02-09 22:06:05,296 [INFO] ServerAccessManage:473 - Download File STMicroelectronics.X-CUBE-SAFEA1.pdsc
2025-02-09 22:06:05,441 [INFO] ServerAccessManage:473 - Download File STMicroelectronics.X-CUBE-SUBG2.pdsc
2025-02-09 22:06:06,159 [WARN] MainUpdater:1193 - Updater busy. Cannot search thirdparties
2025-02-09 22:06:06,159 [INFO] ThirdPartyUpdaterWithRetryManager:96 - Updater plugin is busy. [8/15]
2025-02-09 22:06:06,304 [INFO] ServerAccessManage:473 - Download File STMicroelectronics.X-CUBE-SMBUS.pdsc
2025-02-09 22:06:06,893 [ERROR] ServerAccessManage:1089 - Problem, file not found on Server
2025-02-09 22:06:06,959 [INFO] ServerAccessManage:473 - Download File STMicroelectronics.X-CUBE-TCPP.pdsc
2025-02-09 22:06:07,225 [INFO] ServerAccessManage:473 - Download File STMicroelectronics.X-CUBE-TOF1.pdsc
2025-02-09 22:06:08,446 [ERROR] ServerAccessManage:1089 - Problem, file not found on Server
2025-02-09 22:06:08,632 [INFO] ServerAccessManage:473 - Download File STMicroelectronics.X-CUBE-TOUCHGFX.pdsc
2025-02-09 22:06:09,160 [WARN] MainUpdater:1193 - Updater busy. Cannot search thirdparties
2025-02-09 22:06:09,160 [INFO] ThirdPartyUpdaterWithRetryManager:96 - Updater plugin is busy. [9/15]
2025-02-09 22:06:10,192 [INFO] ServerAccessManage:473 - Download File STMicroelectronics.X-CUBE-ALGOBUILD.pdsc
2025-02-09 22:06:10,935 [INFO] ServerAccessManage:473 - Download File STMicroelectronics.X-CUBE-AZRTOS-H7.pdsc
2025-02-09 22:06:11,752 [INFO] ServerAccessManage:473 - Download File STMicroelectronics.X-CUBE-AZRTOS-H7RS.pdsc
2025-02-09 22:06:12,050 [INFO] ServerAccessManage:473 - Download File STMicroelectronics.X-CUBE-AZRTOS-F4.pdsc
2025-02-09 22:06:12,161 [WARN] MainUpdater:1193 - Updater busy. Cannot search thirdparties
2025-02-09 22:06:12,161 [INFO] ThirdPartyUpdaterWithRetryManager:96 - Updater plugin is busy. [10/15]
2025-02-09 22:06:12,457 [INFO] ServerAccessManage:473 - Download File STMicroelectronics.X-CUBE-AZRTOS-F7.pdsc
2025-02-09 22:06:13,014 [INFO] ServerAccessManage:473 - Download File STMicroelectronics.X-CUBE-AZRTOS-L4.pdsc
2025-02-09 22:06:13,387 [INFO] ServerAccessManage:473 - Download File STMicroelectronics.X-CUBE-AZRTOS-L5.pdsc
2025-02-09 22:06:14,052 [INFO] ServerAccessManage:473 - Download File STMicroelectronics.X-CUBE-AZRTOS-G0.pdsc
2025-02-09 22:06:14,484 [INFO] ServerAccessManage:473 - Download File STMicroelectronics.X-CUBE-AZRTOS-G4.pdsc
2025-02-09 22:06:15,162 [WARN] MainUpdater:1193 - Updater busy. Cannot search thirdparties
2025-02-09 22:06:15,162 [INFO] ThirdPartyUpdaterWithRetryManager:96 - Updater plugin is busy. [11/15]
2025-02-09 22:06:15,384 [INFO] ServerAccessManage:473 - Download File STMicroelectronics.X-CUBE-AZRTOS-WB.pdsc
2025-02-09 22:06:15,707 [INFO] ServerAccessManage:473 - Download File STMicroelectronics.X-CUBE-AZRTOS-WL.pdsc
2025-02-09 22:06:16,026 [INFO] ServerAccessManage:473 - Download File STMicroelectronics.X-CUBE-WB05N.pdsc
2025-02-09 22:06:16,572 [INFO] ServerAccessManage:473 - Download File wolfSSL.I-CUBE-wolfSSL.pdsc
2025-02-09 22:06:18,162 [WARN] MainUpdater:1193 - Updater busy. Cannot search thirdparties
2025-02-09 22:06:18,162 [INFO] ThirdPartyUpdaterWithRetryManager:96 - Updater plugin is busy. [12/15]
2025-02-09 22:06:19,808 [ERROR] ServerAccessManage:1089 - Problem, file not found on Server
2025-02-09 22:06:20,205 [ERROR] ServerAccessManage:1089 - Problem, file not found on Server
2025-02-09 22:06:20,562 [ERROR] ServerAccessManage:1089 - Problem, file not found on Server
2025-02-09 22:06:20,657 [INFO] ServerAccessManage:473 - Download File wolfSSL.I-CUBE-wolfMQTT.pdsc
2025-02-09 22:06:21,163 [WARN] MainUpdater:1193 - Updater busy. Cannot search thirdparties
2025-02-09 22:06:21,163 [INFO] ThirdPartyUpdaterWithRetryManager:96 - Updater plugin is busy. [13/15]
2025-02-09 22:06:21,408 [ERROR] ServerAccessManage:1089 - Problem, file not found on Server
2025-02-09 22:06:21,491 [INFO] ServerAccessManage:473 - Download File wolfSSL.I-CUBE-wolfTPM.pdsc
2025-02-09 22:06:22,244 [INFO] ServerAccessManage:473 - Download File wolfSSL.I-CUBE-wolfSSH.pdsc
2025-02-09 22:06:23,592 [INFO] ServerAccessManage:473 - Download File RealThread.X-CUBE-RT-Thread_Nano.pdsc
2025-02-09 22:06:24,164 [WARN] MainUpdater:1193 - Updater busy. Cannot search thirdparties
2025-02-09 22:06:24,164 [INFO] ThirdPartyUpdaterWithRetryManager:96 - Updater plugin is busy. [14/15]
2025-02-09 22:06:24,658 [INFO] ServerAccessManage:473 - Download File SEGGER.I-CUBE-embOS.pdsc
2025-02-09 22:06:27,165 [WARN] MainUpdater:1193 - Updater busy. Cannot search thirdparties
2025-02-09 22:06:27,165 [INFO] ThirdPartyUpdaterWithRetryManager:96 - Updater plugin is busy. [15/15]
2025-02-09 22:06:27,165 [ERROR] IntegrityCheckThread:130 - Cannot retrieve database content from updater: error -1
2025-02-09 22:06:27,165 [INFO] ThirdParty:978 - Integrity check success = false
2025-02-09 22:06:27,165 [INFO] IntegrityCheckThread:100 - exiting critical section [integrity check]
2025-02-09 22:06:27,165 [INFO] IntegrityCheckThread:103 - End integrity checks thread
2025-02-09 22:06:27,194 [INFO] ServerAccessManage:473 - Download File portGmbH.I-Cube-SoM-uGOAL.pdsc
2025-02-09 22:06:29,258 [ERROR] ServerAccessManage:1089 - Problem, file not found on Server
2025-02-09 22:06:29,455 [ERROR] ServerAccessManage:1089 - Problem, file not found on Server
2025-02-09 22:06:29,660 [ERROR] ServerAccessManage:1089 - Problem, file not found on Server
