2025-03-15 04:37:37,165 [INFO] Activator:176 - 


2025-03-15 04:37:37,170 [INFO] Activator:177 - !SESSION log4j initialized
2025-03-15 04:37:43,447 [INFO] LogOutputStream:77 - [STDOUT_REDIRECT] 
2025-03-15 04:37:45,044 [INFO] ApplicationProperties:184 - Using Application install path: C:\ST\STM32CubeIDE_1.17.0\STM32CubeIDE\plugins\com.st.stm32cube.common.mx_6.13.0.202411220809
2025-03-15 04:37:45,061 [INFO] DbMcusXml:78 - Set database path to: C:\ST\STM32CubeIDE_1.17.0\STM32CubeIDE\plugins\com.st.stm32cube.common.mx_6.13.0.202411220809\\db\/mcu/
2025-03-15 04:37:45,062 [INFO] ApiDb:274 - Set plugin database path to: C:\ST\STM32CubeIDE_1.17.0\STM32CubeIDE\plugins\com.st.stm32cube.common.mx_6.13.0.202411220809\\db\/plugins/boardmanager/
2025-03-15 04:37:45,062 [WARN] ApiDb:259 - Overriding images path with different value:  => C:\ST\STM32CubeIDE_1.17.0\STM32CubeIDE\plugins\com.st.stm32cube.common.mx_6.13.0.202411220809\\db\/plugins/mcufinder/images/
2025-03-15 04:37:45,075 [INFO] ApiDb:250 - Set database path to: C:\Users\blew2\.stmcufinder\plugins\mcufinder//mcu/
2025-03-15 04:37:45,077 [INFO] DbMcusAds:125 - Set database path to: C:\Users\blew2\.stmcufinder\plugins\mcufinder//mcu/
2025-03-15 04:37:45,079 [INFO] CrossReferenceDbSqlite:203 - Set database path to: C:\Users\blew2\.stmcufinder\plugins\mcufinder//mcu/cs/
2025-03-15 04:37:45,183 [INFO] RulesReader:64 - Compatibility file has been processed (297 Rules)
2025-03-15 04:37:45,264 [INFO] DbMcusXml:78 - Set database path to: C:\ST\STM32CubeIDE_1.17.0\STM32CubeIDE\plugins\com.st.stm32cube.common.mx_6.13.0.202411220809\\db\/mcu/
2025-03-15 04:37:45,264 [INFO] ApiDb:274 - Set plugin database path to: C:\ST\STM32CubeIDE_1.17.0\STM32CubeIDE\plugins\com.st.stm32cube.common.mx_6.13.0.202411220809\\db\/plugins/boardmanager/
2025-03-15 04:37:45,264 [INFO] ApiDb:261 - Set plugin images path to: C:\ST\STM32CubeIDE_1.17.0\STM32CubeIDE\plugins\com.st.stm32cube.common.mx_6.13.0.202411220809\\db\/plugins/mcufinder/images/
2025-03-15 04:37:45,265 [WARN] DbFile:41 - Overriding database path with different value: C:\Users\blew2\.stmcufinder\plugins\mcufinder/ => C:\Users\blew2\.stmcufinder\plugins\mcufinder
2025-03-15 04:37:45,265 [INFO] ApiDb:250 - Set database path to: C:\Users\blew2\.stmcufinder\plugins\mcufinder//mcu/
2025-03-15 04:37:45,265 [WARN] DbFile:41 - Overriding database path with different value: C:\Users\blew2\.stmcufinder\plugins\mcufinder/ => C:\Users\blew2\.stmcufinder\plugins\mcufinder
2025-03-15 04:37:45,265 [INFO] DbMcusAds:125 - Set database path to: C:\Users\blew2\.stmcufinder\plugins\mcufinder//mcu/
2025-03-15 04:37:45,265 [WARN] DbFile:41 - Overriding database path with different value: C:\Users\blew2\.stmcufinder\plugins\mcufinder/ => C:\Users\blew2\.stmcufinder\plugins\mcufinder
2025-03-15 04:37:45,265 [WARN] DbFile:41 - Overriding database path with different value: C:\Users\blew2\.stmcufinder\plugins\mcufinder/ => C:\Users\blew2\.stmcufinder\plugins\mcufinder
2025-03-15 04:37:45,265 [INFO] CrossReferenceDbSqlite:203 - Set database path to: C:\Users\blew2\.stmcufinder\plugins\mcufinder//mcu/cs/
2025-03-15 04:37:45,344 [INFO] MainPanel:272 - HeapMemory: 268435456
2025-03-15 04:37:45,465 [INFO] DbMcusXml:78 - Set database path to: C:\ST\STM32CubeIDE_1.17.0\STM32CubeIDE\plugins\com.st.stm32cube.common.mx_6.13.0.202411220809\\db\/mcu/
2025-03-15 04:37:45,465 [INFO] ApiDb:274 - Set plugin database path to: C:\ST\STM32CubeIDE_1.17.0\STM32CubeIDE\plugins\com.st.stm32cube.common.mx_6.13.0.202411220809\\db\/plugins/boardmanager/
2025-03-15 04:37:45,465 [INFO] ApiDb:261 - Set plugin images path to: C:\ST\STM32CubeIDE_1.17.0\STM32CubeIDE\plugins\com.st.stm32cube.common.mx_6.13.0.202411220809\\db\/plugins/mcufinder/images/
2025-03-15 04:37:45,465 [WARN] DbFile:41 - Overriding database path with different value: C:\Users\blew2\.stmcufinder\plugins\mcufinder/ => C:\Users\blew2\.stmcufinder\plugins\mcufinder
2025-03-15 04:37:45,465 [INFO] ApiDb:250 - Set database path to: C:\Users\blew2\.stmcufinder\plugins\mcufinder//mcu/
2025-03-15 04:37:45,465 [WARN] DbFile:41 - Overriding database path with different value: C:\Users\blew2\.stmcufinder\plugins\mcufinder/ => C:\Users\blew2\.stmcufinder\plugins\mcufinder
2025-03-15 04:37:45,466 [INFO] DbMcusAds:125 - Set database path to: C:\Users\blew2\.stmcufinder\plugins\mcufinder//mcu/
2025-03-15 04:37:45,466 [WARN] DbFile:41 - Overriding database path with different value: C:\Users\blew2\.stmcufinder\plugins\mcufinder/ => C:\Users\blew2\.stmcufinder\plugins\mcufinder
2025-03-15 04:37:45,466 [WARN] DbFile:41 - Overriding database path with different value: C:\Users\blew2\.stmcufinder\plugins\mcufinder/ => C:\Users\blew2\.stmcufinder\plugins\mcufinder
2025-03-15 04:37:45,466 [INFO] CrossReferenceDbSqlite:203 - Set database path to: C:\Users\blew2\.stmcufinder\plugins\mcufinder//mcu/cs/
2025-03-15 04:37:45,485 [INFO] ApplicationProperties:184 - Using Application install path: C:\ST\STM32CubeIDE_1.17.0\STM32CubeIDE\plugins\com.st.stm32cube.common.mx_6.13.0.202411220809
2025-03-15 04:37:45,486 [INFO] PluginManage:196 - Search for loadable plugins [exclusion list=, ]
2025-03-15 04:37:45,488 [INFO] PluginManage:310 - Check plugin analytics
2025-03-15 04:37:45,653 [INFO] AnalyticsPlugin:253 - Accepted Software Licenses: 
2025-03-15 04:37:45,653 [INFO] AnalyticsPlugin:255 - Accepted CMSIS Pack Licenses: 
2025-03-15 04:37:45,653 [INFO] AnalyticsPlugin:257 - Accepted Firmware Licenses: 
2025-03-15 04:37:45,655 [INFO] PluginManage:359 - Loaded plugin analytics (category:tool,tabindex:-1)
2025-03-15 04:37:45,655 [INFO] PluginManage:310 - Check plugin cadmodel
2025-03-15 04:37:45,663 [INFO] CADModel:105 - Init CAD model plugin
2025-03-15 04:37:45,663 [INFO] PluginManage:359 - Loaded plugin cadmodel (category:power,tabindex:5)
2025-03-15 04:37:45,663 [INFO] PluginManage:310 - Check plugin clock
2025-03-15 04:37:45,674 [INFO] PluginManage:359 - Loaded plugin clock (category:base,tabindex:2)
2025-03-15 04:37:45,674 [INFO] PluginManage:310 - Check plugin ddr
2025-03-15 04:37:45,678 [INFO] PluginManage:359 - Loaded plugin ddr (category:tool,tabindex:6)
2025-03-15 04:37:45,678 [INFO] PluginManage:310 - Check plugin filemanager
2025-03-15 04:37:45,851 [INFO] PluginManage:359 - Loaded plugin filemanager (category:base,tabindex:10)
2025-03-15 04:37:45,851 [INFO] PluginManage:310 - Check plugin ipmanager
2025-03-15 04:37:45,859 [INFO] PluginManage:359 - Loaded plugin ipmanager (category:base,tabindex:5)
2025-03-15 04:37:45,859 [INFO] PluginManage:310 - Check plugin lpbam
2025-03-15 04:37:45,867 [INFO] PluginManage:359 - Loaded plugin lpbam (category:base,tabindex:0)
2025-03-15 04:37:45,867 [INFO] PluginManage:310 - Check plugin memorymap
2025-03-15 04:37:45,887 [INFO] PluginManage:359 - Loaded plugin memorymap (category:base,tabindex:4)
2025-03-15 04:37:45,887 [INFO] PluginManage:310 - Check plugin pinoutandconfiguration
2025-03-15 04:37:45,899 [INFO] PluginManage:359 - Loaded plugin pinoutandconfiguration (category:base,tabindex:1)
2025-03-15 04:37:45,900 [INFO] PluginManage:310 - Check plugin pinoutconfig
2025-03-15 04:37:46,002 [WARN] SupportedApi:132 - Cannot load RTOS API schema: s4s-elt-must-match.1: The content of 'definitions' must match (annotation?, (simpleType | complexType)?, (unique | key | keyref)*)). A problem was found starting at: attribute.
2025-03-15 04:37:46,166 [INFO] PluginManage:359 - Loaded plugin pinoutconfig (category:base,tabindex:0)
2025-03-15 04:37:46,166 [INFO] PluginManage:310 - Check plugin power
2025-03-15 04:37:46,181 [INFO] PluginManage:359 - Loaded plugin power (category:power,tabindex:4)
2025-03-15 04:37:46,181 [INFO] PluginManage:310 - Check plugin projectmanager
2025-03-15 04:37:46,200 [INFO] PluginManage:359 - Loaded plugin projectmanager (category:projectmanager,tabindex:4)
2025-03-15 04:37:46,200 [INFO] PluginManage:310 - Check plugin rif
2025-03-15 04:37:46,211 [INFO] PluginManage:359 - Loaded plugin rif (category:base,tabindex:3)
2025-03-15 04:37:46,211 [INFO] PluginManage:310 - Check plugin thirdparty
2025-03-15 04:37:46,383 [INFO] PluginManage:359 - Loaded plugin thirdparty (category:base,tabindex:-1)
2025-03-15 04:37:46,383 [WARN] IntegrityCheckThread:84 - waiting for thirdparty lock release [integrity check]
2025-03-15 04:37:46,385 [INFO] IntegrityCheckThread:86 - entering critical section [integrity check]
2025-03-15 04:37:46,385 [INFO] PluginManage:310 - Check plugin tools
2025-03-15 04:37:46,386 [INFO] ThirdPartyUpdaterWithRetryManager:70 - Updater plugin not ready yet. [1/15]
2025-03-15 04:37:46,390 [INFO] PluginManage:359 - Loaded plugin tools (category:base,tabindex:7)
2025-03-15 04:37:46,390 [INFO] PluginManage:310 - Check plugin tutovideos
2025-03-15 04:37:46,588 [INFO] PluginManage:359 - Loaded plugin tutovideos (category:base,tabindex:-1)
2025-03-15 04:37:46,589 [INFO] PluginManage:310 - Check plugin updater
2025-03-15 04:37:46,608 [INFO] PluginManage:359 - Loaded plugin updater (category:base,tabindex:12)
2025-03-15 04:37:46,609 [INFO] PluginManage:310 - Check plugin userauth
2025-03-15 04:37:46,613 [INFO] UserAuth:118 - Init User Auth plugin
2025-03-15 04:37:46,613 [INFO] PluginManage:359 - Loaded plugin userauth (category:base,tabindex:14)
2025-03-15 04:37:46,614 [INFO] PluginManage:283 - PluginManage : Loaded plugins [18]
2025-03-15 04:37:46,821 [INFO] PinOutPanel:1589 - setPackage(No Configuration,No Configuration)
2025-03-15 04:37:46,914 [INFO] CADModel:165 - CPN selected for project level
2025-03-15 04:37:46,914 [INFO] CADModel:114 - Register for checkConnection events
2025-03-15 04:37:46,934 [INFO] IPUIPlugin:80 - create IPUIPlugin
2025-03-15 04:37:46,934 [INFO] PluginManager:220 - loadIPPluginJar : add adc
2025-03-15 04:37:46,938 [INFO] IPUIPlugin:80 - create IPUIPlugin
2025-03-15 04:37:46,938 [INFO] PluginManager:220 - loadIPPluginJar : add aes
2025-03-15 04:37:46,941 [INFO] IPUIPlugin:80 - create IPUIPlugin
2025-03-15 04:37:46,942 [INFO] PluginManager:220 - loadIPPluginJar : add can
2025-03-15 04:37:46,950 [INFO] IPUIPlugin:80 - create IPUIPlugin
2025-03-15 04:37:46,950 [INFO] PluginManager:220 - loadIPPluginJar : add comp
2025-03-15 04:37:46,955 [INFO] IPUIPlugin:80 - create IPUIPlugin
2025-03-15 04:37:46,955 [INFO] PluginManager:220 - loadIPPluginJar : add cryp
2025-03-15 04:37:46,960 [INFO] IPUIPlugin:80 - create IPUIPlugin
2025-03-15 04:37:46,960 [INFO] PluginManager:220 - loadIPPluginJar : add ddr_ctrl_phy
2025-03-15 04:37:46,963 [INFO] IPUIPlugin:80 - create IPUIPlugin
2025-03-15 04:37:46,963 [INFO] PluginManager:220 - loadIPPluginJar : add dfsdm
2025-03-15 04:37:46,969 [INFO] IPUIPlugin:80 - create IPUIPlugin
2025-03-15 04:37:46,969 [INFO] PluginManager:220 - loadIPPluginJar : add dma
2025-03-15 04:37:46,974 [INFO] IPUIPlugin:80 - create IPUIPlugin
2025-03-15 04:37:46,974 [INFO] PluginManager:220 - loadIPPluginJar : add dma3
2025-03-15 04:37:46,977 [INFO] IPUIPlugin:80 - create IPUIPlugin
2025-03-15 04:37:46,978 [INFO] PluginManager:220 - loadIPPluginJar : add extmemmanager
2025-03-15 04:37:46,980 [INFO] IPUIPlugin:80 - create IPUIPlugin
2025-03-15 04:37:46,980 [INFO] PluginManager:220 - loadIPPluginJar : add fatfs
2025-03-15 04:37:46,985 [INFO] IPUIPlugin:80 - create IPUIPlugin
2025-03-15 04:37:46,986 [INFO] PluginManager:220 - loadIPPluginJar : add fmc
2025-03-15 04:37:46,992 [INFO] IPUIPlugin:80 - create IPUIPlugin
2025-03-15 04:37:46,992 [INFO] PluginManager:220 - loadIPPluginJar : add freertos
2025-03-15 04:37:46,995 [INFO] IPUIPlugin:80 - create IPUIPlugin
2025-03-15 04:37:46,995 [INFO] PluginManager:220 - loadIPPluginJar : add genericplugin
2025-03-15 04:37:46,998 [INFO] IPUIPlugin:80 - create IPUIPlugin
2025-03-15 04:37:46,998 [INFO] PluginManager:220 - loadIPPluginJar : add gfxmmu
2025-03-15 04:37:47,002 [INFO] IPUIPlugin:80 - create IPUIPlugin
2025-03-15 04:37:47,003 [INFO] PluginManager:220 - loadIPPluginJar : add gic
2025-03-15 04:37:47,008 [INFO] IPUIPlugin:80 - create IPUIPlugin
2025-03-15 04:37:47,008 [INFO] PluginManager:220 - loadIPPluginJar : add gpio
2025-03-15 04:37:47,011 [INFO] IPUIPlugin:80 - create IPUIPlugin
2025-03-15 04:37:47,011 [INFO] PluginManager:220 - loadIPPluginJar : add gtzc
2025-03-15 04:37:47,014 [INFO] IPUIPlugin:80 - create IPUIPlugin
2025-03-15 04:37:47,015 [INFO] PluginManager:220 - loadIPPluginJar : add hash
2025-03-15 04:37:47,018 [INFO] IPUIPlugin:80 - create IPUIPlugin
2025-03-15 04:37:47,018 [INFO] PluginManager:220 - loadIPPluginJar : add i2c
2025-03-15 04:37:47,022 [INFO] IPUIPlugin:80 - create IPUIPlugin
2025-03-15 04:37:47,022 [INFO] PluginManager:220 - loadIPPluginJar : add i2s
2025-03-15 04:37:47,026 [INFO] IPUIPlugin:80 - create IPUIPlugin
2025-03-15 04:37:47,026 [INFO] PluginManager:220 - loadIPPluginJar : add i3c
2025-03-15 04:37:47,029 [INFO] IPUIPlugin:80 - create IPUIPlugin
2025-03-15 04:37:47,029 [INFO] PluginManager:220 - loadIPPluginJar : add ipddr
2025-03-15 04:37:47,037 [INFO] IPUIPlugin:80 - create IPUIPlugin
2025-03-15 04:37:47,037 [INFO] PluginManager:220 - loadIPPluginJar : add linkedlist
2025-03-15 04:37:47,041 [INFO] IPUIPlugin:80 - create IPUIPlugin
2025-03-15 04:37:47,041 [INFO] PluginManager:220 - loadIPPluginJar : add lorawan
2025-03-15 04:37:47,043 [INFO] IPUIPlugin:80 - create IPUIPlugin
2025-03-15 04:37:47,043 [INFO] PluginManager:220 - loadIPPluginJar : add ltdc
2025-03-15 04:37:47,050 [INFO] IPUIPlugin:80 - create IPUIPlugin
2025-03-15 04:37:47,050 [INFO] PluginManager:220 - loadIPPluginJar : add mdma
2025-03-15 04:37:47,054 [INFO] IPUIPlugin:80 - create IPUIPlugin
2025-03-15 04:37:47,055 [INFO] PluginManager:220 - loadIPPluginJar : add nvic
2025-03-15 04:37:47,058 [INFO] IPUIPlugin:80 - create IPUIPlugin
2025-03-15 04:37:47,059 [INFO] PluginManager:220 - loadIPPluginJar : add opamp
2025-03-15 04:37:47,063 [INFO] IPUIPlugin:80 - create IPUIPlugin
2025-03-15 04:37:47,063 [INFO] PluginManager:220 - loadIPPluginJar : add openamp
2025-03-15 04:37:47,068 [INFO] IPUIPlugin:80 - create IPUIPlugin
2025-03-15 04:37:47,068 [INFO] PluginManager:220 - loadIPPluginJar : add pdm2pcm
2025-03-15 04:37:47,075 [INFO] IPUIPlugin:80 - create IPUIPlugin
2025-03-15 04:37:47,077 [INFO] PluginManager:220 - loadIPPluginJar : add plateformsettings
2025-03-15 04:37:47,080 [INFO] IPUIPlugin:80 - create IPUIPlugin
2025-03-15 04:37:47,080 [INFO] PluginManager:220 - loadIPPluginJar : add quadspi
2025-03-15 04:37:47,083 [INFO] IPUIPlugin:80 - create IPUIPlugin
2025-03-15 04:37:47,084 [INFO] PluginManager:220 - loadIPPluginJar : add radio
2025-03-15 04:37:47,088 [INFO] IPUIPlugin:80 - create IPUIPlugin
2025-03-15 04:37:47,088 [INFO] PluginManager:220 - loadIPPluginJar : add resmgrutility
2025-03-15 04:37:47,092 [INFO] IPUIPlugin:80 - create IPUIPlugin
2025-03-15 04:37:47,092 [INFO] PluginManager:220 - loadIPPluginJar : add sai
2025-03-15 04:37:47,095 [INFO] IPUIPlugin:80 - create IPUIPlugin
2025-03-15 04:37:47,095 [INFO] PluginManager:220 - loadIPPluginJar : add spi
2025-03-15 04:37:47,101 [INFO] IPUIPlugin:80 - create IPUIPlugin
2025-03-15 04:37:47,101 [INFO] PluginManager:220 - loadIPPluginJar : add stm32_wpan
2025-03-15 04:37:47,103 [INFO] IPUIPlugin:80 - create IPUIPlugin
2025-03-15 04:37:47,104 [INFO] PluginManager:220 - loadIPPluginJar : add tim
2025-03-15 04:37:47,108 [INFO] IPUIPlugin:80 - create IPUIPlugin
2025-03-15 04:37:47,108 [INFO] PluginManager:220 - loadIPPluginJar : add touchsensing
2025-03-15 04:37:47,110 [INFO] IPUIPlugin:80 - create IPUIPlugin
2025-03-15 04:37:47,110 [INFO] PluginManager:220 - loadIPPluginJar : add tracer_emb
2025-03-15 04:37:47,113 [INFO] IPUIPlugin:80 - create IPUIPlugin
2025-03-15 04:37:47,113 [INFO] PluginManager:220 - loadIPPluginJar : add ts
2025-03-15 04:37:47,114 [INFO] IPUIPlugin:80 - create IPUIPlugin
2025-03-15 04:37:47,114 [INFO] PluginManager:220 - loadIPPluginJar : add tsc
2025-03-15 04:37:47,117 [INFO] IPUIPlugin:80 - create IPUIPlugin
2025-03-15 04:37:47,117 [INFO] PluginManager:220 - loadIPPluginJar : add ucpd
2025-03-15 04:37:47,121 [INFO] IPUIPlugin:80 - create IPUIPlugin
2025-03-15 04:37:47,122 [INFO] PluginManager:220 - loadIPPluginJar : add usart
2025-03-15 04:37:47,126 [INFO] IPUIPlugin:80 - create IPUIPlugin
2025-03-15 04:37:47,126 [INFO] PluginManager:220 - loadIPPluginJar : add usbx
2025-03-15 04:37:47,254 [FATAL] Updater:351 - Updater called before beeing initialized
2025-03-15 04:37:47,280 [INFO] RulesReader:64 - Compatibility file has been processed (297 Rules)
2025-03-15 04:37:47,293 [INFO] RulesReader:64 - Compatibility file has been processed (297 Rules)
2025-03-15 04:37:47,300 [INFO] CADModel:165 - CPN selected for project level
2025-03-15 04:37:47,301 [INFO] CADModel:114 - Register for checkConnection events
2025-03-15 04:37:47,301 [FATAL] Updater:351 - Updater called before beeing initialized
2025-03-15 04:37:47,301 [ERROR] CADModel:125 - Updater not yet initialized, retry later 
2025-03-15 04:37:47,500 [FATAL] Updater:351 - Updater called before beeing initialized
2025-03-15 04:37:47,502 [INFO] CADModel:165 - CPN selected for project level
2025-03-15 04:37:47,502 [INFO] CADModel:114 - Register for checkConnection events
2025-03-15 04:37:47,503 [FATAL] Updater:351 - Updater called before beeing initialized
2025-03-15 04:37:47,503 [ERROR] CADModel:125 - Updater not yet initialized, retry later 
2025-03-15 04:37:47,506 [FATAL] Updater:351 - Updater called before beeing initialized
2025-03-15 04:37:47,624 [FATAL] Updater:351 - Updater called before beeing initialized
2025-03-15 04:37:47,629 [INFO] DbMcusAds:53 - JSON generation date=Thu Mar 06 06:54:22 PST 2025 (1741272862297)
2025-03-15 04:37:47,629 [FATAL] Updater:351 - Updater called before beeing initialized
2025-03-15 04:37:47,746 [WARN] DetailPanel:346 - Failed to get advertising image, set to default
2025-03-15 04:37:47,985 [FATAL] Updater:351 - Updater called before beeing initialized
2025-03-15 04:37:47,987 [FATAL] Updater:351 - Updater called before beeing initialized
2025-03-15 04:37:47,987 [FATAL] Updater:351 - Updater called before beeing initialized
2025-03-15 04:37:47,987 [WARN] DetailPanel:346 - Failed to get advertising image, set to default
2025-03-15 04:37:47,987 [FATAL] Updater:351 - Updater called before beeing initialized
2025-03-15 04:37:48,033 [ERROR] Updater:1198 - MainUpdater not yet initialized. External WinMGr cannot be set.
2025-03-15 04:37:48,036 [INFO] Updater:1134 - Updater Version found : 6.13.0
2025-03-15 04:37:48,058 [INFO] ApplicationProperties:184 - Using Application install path: C:\ST\STM32CubeIDE_1.17.0\STM32CubeIDE\plugins\com.st.stm32cube.common.mx_6.13.0.202411220809
2025-03-15 04:37:49,388 [INFO] ThirdPartyUpdaterWithRetryManager:70 - Updater plugin not ready yet. [2/15]
2025-03-15 04:37:49,632 [ERROR] LogOutputStream:75 - [STDERR_REDIRECT] Mar 15, 2025 4:37:49 AM java.util.prefs.WindowsPreferences <init>
2025-03-15 04:37:49,634 [ERROR] LogOutputStream:75 - [STDERR_REDIRECT] WARNING: Could not open/create prefs root node Software\JavaSoft\Prefs at root 0xffffffff80000002. Windows RegCreateKeyEx(...) returned error code 5.
2025-03-15 04:37:49,634 [ERROR] LogOutputStream:75 - [STDERR_REDIRECT] 
2025-03-15 04:37:50,221 [INFO] MainUpdater:2872 - connection check result : 10
2025-03-15 04:37:50,221 [INFO] MainUpdater:3566 - Updater definition file requires update
2025-03-15 04:37:50,223 [INFO] MainUpdater:289 - Updater Check For Update Now.
2025-03-15 04:37:50,223 [INFO] MicroXplorer:498 - Change Database Version : DB.6.0.130
2025-03-15 04:37:50,233 [INFO] McuFinderGlobals:63 - Set McuFinder mode to 2 (CubeIDE integrated)
2025-03-15 04:37:50,236 [INFO] UserAuth:486 - Internet connection configuration mode: 1
2025-03-15 04:37:50,266 [INFO] JxBrowserEngine:152 - Initiate JxBrowser Engine with user profile folder
2025-03-15 04:37:50,332 [INFO] ServerAccessManage:473 - Download File updaters.zip
2025-03-15 04:37:50,434 [INFO] FileExtend:240 - Unzip File : updaters.zip
2025-03-15 04:37:50,435 [INFO] FileExtend:255 - Standard Zip Deflate
2025-03-15 04:37:50,922 [INFO] ServerAccessManage:473 - Download File PacksControlFlags.xml
2025-03-15 04:37:51,496 [INFO] ServerAccessManage:473 - Download File cubemx.pidx
2025-03-15 04:37:51,988 [INFO] ServerAccessManage:473 - Download File STMicroelectronics.FP-SNS-FLIGHT1.pdsc
2025-03-15 04:37:52,389 [WARN] MainUpdater:1193 - Updater busy. Cannot search thirdparties
2025-03-15 04:37:52,389 [INFO] ThirdPartyUpdaterWithRetryManager:96 - Updater plugin is busy. [1/15]
2025-03-15 04:37:53,212 [WARN] PackLoader:240 - Cannot read IP mode file for STMicroelectronics.FP-SNS-FLIGHT1.5.1.0
2025-03-15 04:37:53,215 [INFO] PopulateThirdPartyThread:66 - Ending populate Thread
2025-03-15 04:37:53,216 [INFO] ThirdParty:1030 - CMSIS Pack Vendor :STMicroelectronics FP-SNS-FLIGHT1 5.1.0
2025-03-15 04:37:53,216 [INFO] LoadServerUpdatesThread:375 - End of LoadServerUpdate Thread
2025-03-15 04:37:53,342 [INFO] CheckServerUpdateThread:120 - End of CheckServer Thread
2025-03-15 04:37:55,663 [WARN] PackLoader:240 - Cannot read IP mode file for STMicroelectronics.FP-SNS-MOTENVWB1.1.4.0
2025-03-15 04:37:55,668 [WARN] PackLoader:240 - Cannot read IP mode file for STMicroelectronics.FP-ATR-ASTRA1.2.0.2
2025-03-15 04:37:55,671 [WARN] PackLoader:240 - Cannot read IP mode file for STMicroelectronics.FP-ATR-ASTRA1.2.0.1
2025-03-15 04:37:55,680 [WARN] PackLoader:240 - Cannot read IP mode file for STMicroelectronics.X-CUBE-SMBUS.2.1.0
2025-03-15 04:37:55,688 [WARN] PackLoader:240 - Cannot read IP mode file for STMicroelectronics.X-CUBE-WB05N.1.1.0
2025-03-15 04:37:55,709 [WARN] PackLoader:240 - Cannot read IP mode file for STMicroelectronics.X-CUBE-AZRTOS-F7.1.1.0
2025-03-15 04:37:55,717 [WARN] PackLoader:240 - Cannot read IP mode file for STMicroelectronics.FP-SNS-FLIGHT1.5.0.2
2025-03-15 04:37:55,741 [WARN] PackLoader:240 - Cannot read IP mode file for Infineon.AIROC-Wi-Fi-Bluetooth-STM32.1.7.0
2025-03-15 04:37:55,753 [WARN] PackLoader:240 - Cannot read IP mode file for STMicroelectronics.X-CUBE-DISPLAY.3.0.0
2025-03-15 04:37:55,765 [WARN] PackLoader:240 - Cannot read IP mode file for STMicroelectronics.X-CUBE-BLE1.7.0.0
2025-03-15 04:37:55,774 [WARN] PackLoader:240 - Cannot read IP mode file for STMicroelectronics.X-CUBE-NFC10.1.0.0
2025-03-15 04:37:55,783 [WARN] PackLoader:240 - Cannot read IP mode file for emotas.I-CUBE-CANOPEN.1.3.0
2025-03-15 04:37:55,790 [WARN] ConditionMgr:438 - getConditionDescription Invalid condition id : Cortex-A Device cause : null
2025-03-15 04:37:55,801 [WARN] ConditionMgr:1044 - genDependencies : Invalid condition id : Cortex-A Device cause : null
2025-03-15 04:37:55,801 [WARN] ConditionMgr:1044 - genDependencies : Invalid condition id : Cortex-A Device cause : null
2025-03-15 04:37:55,801 [WARN] ConditionMgr:1044 - genDependencies : Invalid condition id : Cortex-A Device cause : null
2025-03-15 04:37:55,806 [WARN] PackLoader:240 - Cannot read IP mode file for STMicroelectronics.FP-SNS-SMARTAG2.1.2.0
2025-03-15 04:37:55,811 [WARN] PackLoader:240 - Cannot read IP mode file for STMicroelectronics.FP-SNS-FLIGHT1.5.1.0
2025-03-15 04:37:55,826 [INFO] LogOutputStream:77 - [STDOUT_REDIRECT] 1 : Invalid condition id : UX_CORESTACK_Condition cause : null
2025-03-15 04:37:55,827 [INFO] LogOutputStream:77 - [STDOUT_REDIRECT] 1 : Invalid condition id : UX_CORESTACK_Condition cause : null
2025-03-15 04:37:55,828 [INFO] LogOutputStream:77 - [STDOUT_REDIRECT] 1 : Invalid condition id : UX_CORESTACK_Condition cause : null
2025-03-15 04:37:55,829 [INFO] LogOutputStream:77 - [STDOUT_REDIRECT] 1 : Invalid condition id : UX_CORESTACK_Condition cause : null
2025-03-15 04:37:55,830 [INFO] LogOutputStream:77 - [STDOUT_REDIRECT] 1 : Invalid condition id : UX_CORESTACK_Condition cause : null
2025-03-15 04:37:55,833 [WARN] PackLoader:240 - Cannot read IP mode file for STMicroelectronics.X-CUBE-AZRTOS-WL.2.0.0
2025-03-15 04:37:55,840 [WARN] PackLoader:240 - Cannot read IP mode file for STMicroelectronics.FP-SNS-MOTENV1.5.0.0
2025-03-15 04:37:55,847 [WARN] PackLoader:240 - Cannot read IP mode file for wolfSSL.I-CUBE-wolfMQTT.1.19.0
2025-03-15 04:37:55,856 [WARN] PackLoader:240 - Cannot read IP mode file for WES.I-CUBE-Cesium.1.3.0
2025-03-15 04:37:55,861 [WARN] PackLoader:240 - Cannot read IP mode file for STMicroelectronics.X-CUBE-BLE2.3.3.0
2025-03-15 04:37:55,867 [WARN] PackLoader:240 - Cannot read IP mode file for STMicroelectronics.X-CUBE-NFC9.1.0.0
2025-03-15 04:37:55,873 [WARN] PackLoader:240 - Cannot read IP mode file for STMicroelectronics.X-CUBE-BLE1.7.1.0
2025-03-15 04:37:55,890 [WARN] PackLoader:240 - Cannot read IP mode file for STMicroelectronics.X-CUBE-AZRTOS-G0.1.1.0
2025-03-15 04:37:55,899 [WARN] PackLoader:240 - Cannot read IP mode file for STMicroelectronics.X-CUBE-SAFEA1.1.2.2
2025-03-15 04:37:55,906 [WARN] PackLoader:240 - Cannot read IP mode file for STMicroelectronics.X-CUBE-NFC4.3.0.0
2025-03-15 04:37:55,917 [WARN] PackLoader:240 - Cannot read IP mode file for EmbeddedOffice.I-CUBE-FS-RTOS.1.0.1
2025-03-15 04:37:55,924 [WARN] PackLoader:240 - Cannot read IP mode file for RealThread.X-CUBE-RT-Thread_Nano.4.1.1
2025-03-15 04:37:55,928 [WARN] PackLoader:240 - Cannot read IP mode file for STMicroelectronics.FP-ATR-SIGFOX1.3.2.0
2025-03-15 04:37:55,935 [WARN] PackLoader:240 - Cannot read IP mode file for STMicroelectronics.X-CUBE-EEPRMA1.5.1.0
2025-03-15 04:37:55,945 [WARN] PackLoader:240 - Cannot read IP mode file for ITTIA_DB.I-CUBE-ITTIADB.8.9.0
2025-03-15 04:37:55,974 [WARN] PackLoader:240 - Cannot read IP mode file for SEGGER.I-CUBE-embOS.1.3.1
2025-03-15 04:37:56,011 [WARN] PackLoader:240 - Cannot read IP mode file for STMicroelectronics.X-CUBE-ALGOBUILD.1.4.0
2025-03-15 04:37:56,029 [WARN] PackLoader:240 - Cannot read IP mode file for STMicroelectronics.X-CUBE-AZRTOS-F4.1.1.0
2025-03-15 04:37:56,037 [WARN] PackLoader:240 - Cannot read IP mode file for STMicroelectronics.X-CUBE-ISPU.2.1.0
2025-03-15 04:37:56,054 [WARN] PackLoader:240 - Cannot read IP mode file for STMicroelectronics.X-CUBE-AZRTOS-L5.2.0.0
2025-03-15 04:37:56,066 [WARN] PackLoader:240 - Cannot read IP mode file for STMicroelectronics.X-CUBE-NFC6.3.1.0
2025-03-15 04:37:56,075 [WARN] PackLoader:240 - Cannot read IP mode file for STMicroelectronics.X-CUBE-DPower.1.2.0
2025-03-15 04:37:56,081 [WARN] PackLoader:240 - Cannot read IP mode file for STMicroelectronics.X-CUBE-NFC7.1.0.1
2025-03-15 04:37:56,096 [WARN] ConditionMgr:438 - getConditionDescription Invalid condition id : LAN8742 Phy interface Condition cause : null
2025-03-15 04:37:56,097 [WARN] PackLoader:240 - Cannot read IP mode file for STMicroelectronics.X-CUBE-AZRTOS-L4.2.0.0
2025-03-15 04:37:56,098 [WARN] ConditionMgr:1044 - genDependencies : Invalid condition id : LAN8742 Phy interface Condition cause : null
2025-03-15 04:37:56,098 [WARN] ConditionMgr:1044 - genDependencies : Invalid condition id : LAN8742 Phy interface Condition cause : null
2025-03-15 04:37:56,099 [WARN] ConditionMgr:1044 - genDependencies : Invalid condition id : LAN8742 Phy interface Condition cause : null
2025-03-15 04:37:56,106 [WARN] PackLoader:240 - Cannot read IP mode file for STMicroelectronics.X-CUBE-SFXS2LP1.4.0.0
2025-03-15 04:37:56,127 [WARN] PackLoader:240 - Cannot read IP mode file for STMicroelectronics.X-CUBE-AZRTOS-H7.3.3.0
2025-03-15 04:37:56,139 [WARN] ConditionMgr:438 - getConditionDescription Invalid condition id : UX DEVICE CLASS RTOS Condition cause : null
2025-03-15 04:37:56,140 [WARN] ConditionMgr:438 - getConditionDescription Invalid condition id : UX DEVICE CLASS RTOS Condition cause : null
2025-03-15 04:37:56,142 [WARN] PackLoader:240 - Cannot read IP mode file for STMicroelectronics.X-CUBE-AZRTOS-WB.2.0.0
2025-03-15 04:37:56,142 [WARN] ConditionMgr:1044 - genDependencies : Invalid condition id : UX DEVICE CLASS RTOS Condition cause : null
2025-03-15 04:37:56,142 [WARN] ConditionMgr:1044 - genDependencies : Invalid condition id : UX DEVICE CLASS RTOS Condition cause : null
2025-03-15 04:37:56,143 [WARN] ConditionMgr:1044 - genDependencies : Invalid condition id : UX DEVICE CLASS RTOS Condition cause : null
2025-03-15 04:37:56,143 [WARN] ConditionMgr:1044 - genDependencies : Invalid condition id : UX DEVICE CLASS RTOS Condition cause : null
2025-03-15 04:37:56,143 [WARN] ConditionMgr:1044 - genDependencies : Invalid condition id : UX DEVICE CLASS RTOS Condition cause : null
2025-03-15 04:37:56,149 [WARN] PackLoader:240 - Cannot read IP mode file for STMicroelectronics.X-CUBE-TOUCHGFX.4.25.0
2025-03-15 04:37:56,156 [WARN] PackLoader:240 - Cannot read IP mode file for STMicroelectronics.FP-SNS-STBOX1.2.0.0
2025-03-15 04:37:56,166 [WARN] PackLoader:240 - Cannot read IP mode file for STMicroelectronics.X-CUBE-SUBG2.5.0.0
2025-03-15 04:37:56,174 [WARN] PackLoader:240 - Cannot read IP mode file for Cesanta.I-CUBE-Mongoose.7.13.0
2025-03-15 04:37:56,185 [WARN] PackLoader:240 - Cannot read IP mode file for STMicroelectronics.X-CUBE-AZRTOS-G4.2.0.0
2025-03-15 04:37:56,190 [WARN] PackLoader:240 - Cannot read IP mode file for STMicroelectronics.X-CUBE-ALS.1.0.2
2025-03-15 04:37:56,194 [WARN] PackLoader:240 - Cannot read IP mode file for STMicroelectronics.X-CUBE-TOUCHGFX.4.24.2
2025-03-15 04:37:56,200 [WARN] PackLoader:240 - Cannot read IP mode file for portGmbH.I-Cube-SoM-uGOAL.1.1.0
2025-03-15 04:37:56,212 [WARN] PackLoader:240 - Cannot read IP mode file for STMicroelectronics.X-CUBE-AZRTOS-H7RS.1.0.0
2025-03-15 04:37:56,228 [WARN] PackLoader:240 - Cannot read IP mode file for STMicroelectronics.X-CUBE-TOF1.3.4.2
2025-03-15 04:37:56,246 [WARN] PackLoader:240 - Cannot read IP mode file for wolfSSL.I-CUBE-wolfSSH.1.4.17
2025-03-15 04:37:56,247 [INFO] ThirdParty:978 - Integrity check success = true
2025-03-15 04:37:56,247 [INFO] IntegrityCheckThread:100 - exiting critical section [integrity check]
2025-03-15 04:37:56,247 [INFO] IntegrityCheckThread:103 - End integrity checks thread
2025-03-15 04:37:57,044 [INFO] WebApp:168 - Instantiating new browser for Auth
2025-03-15 04:37:58,592 [INFO] WebApp:449 - Apply proxy settings
2025-03-15 04:37:58,594 [INFO] WebApp:534 - Chromium requires no authentication
2025-03-15 04:37:58,625 [INFO] WebApp:477 - Direct internet connection detected
2025-03-15 04:37:58,685 [INFO] WebApp:880 - Register for checkConnection events
2025-03-15 04:37:58,685 [INFO] WebApp:449 - Apply proxy settings
2025-03-15 04:37:58,685 [INFO] WebApp:534 - Chromium requires no authentication
2025-03-15 04:37:58,686 [INFO] WebApp:477 - Direct internet connection detected
2025-03-15 04:37:58,830 [INFO] WebApp:187 - Connection restablished
2025-03-15 04:37:59,013 [INFO] WebApp:221 - Starting web application
2025-03-15 04:37:59,013 [INFO] WebApp:579 - Web application path used C:\ST\STM32CubeIDE_1.17.0\STM32CubeIDE\plugins\com.st.stm32cube.common.mx_6.13.0.202411220809\db\plugins\mcufinder\reactClient1\index.html
2025-03-15 04:37:59,106 [INFO] UserAuth:486 - Internet connection configuration mode: 1
2025-03-15 05:21:24,720 [ERROR] LogOutputStream:75 - [STDERR_REDIRECT] 
